        -:    0:Source:../sub/zma_parse_process_or.cpp
        -:    0:Programs:106
        -:    1:// --------------------------------------------------------------------
        -:    2://	Z80 Macro Assembler parse
        -:    3:// ====================================================================
        -:    4://	2019/05/04	t.hara
        -:    5:// --------------------------------------------------------------------
        -:    6:
        -:    7:#include "zma_parse.hpp"
        -:    8:#include "zma_text.hpp"
        -:    9:#include "zma_parse_process.hpp"
        -:   10:#include <string>
        -:   11:#include <cctype>
        -:   12:#include <iostream>
        -:   13:#include <fstream>
        -:   14:#include <sstream>
        -:   15:#include <algorithm>
        -:   16:
        -:   17:// --------------------------------------------------------------------
      147:   18:bool CZMA_PARSE_OR::process( CZMA_INFORMATION& info, CZMA_PARSE* p_last_line ) {
        -:   19:
      147:   20:	update_flags( &info, p_last_line );
      147:   21:	if( this->opecode_a_source8( info, 0xB0 ) ) {
        -:   22:		//	log
       69:   23:		if( !this->is_analyze_phase ) {
       46:   24:			log.write_line_infomation( this->line_no, this->code_address, this->file_address, get_line() );
       46:   25:			if( data.size() == 2 ) {
       16:   26:				log.write_cycle_information( 10, 2 );			//	OR A, IXh
        -:   27:			}
        -:   28:			else {
       30:   29:				log.write_cycle_information( 5, 1 );			//	OR A, r
        -:   30:			}
       23:   31:			log.write_dump( this->code_address, this->file_address, this->data );
       23:   32:			log.write_separator();
        -:   33:		}
        -:   34:		return check_all_fixed();
        -:   35:	}
       78:   36:	if( this->opecode_a_n8( info, 0xF6 ) ) {
        -:   37:		//	log
        6:   38:		if( !this->is_analyze_phase ) {
        4:   39:			log.write_line_infomation( this->line_no, this->code_address, this->file_address, get_line() );
        4:   40:			log.write_cycle_information( 8, 2 );			//	OR A, n
        2:   41:			log.write_dump( this->code_address, this->file_address, this->data );
        2:   42:			log.write_separator();
        -:   43:		}
        -:   44:		return check_all_fixed();
        -:   45:	}
       72:   46:	if( this->opecode_a_memory_hl( info, 0xB6 ) ) {
        -:   47:		//	log
       18:   48:		if( !this->is_analyze_phase ) {
       12:   49:			log.write_line_infomation( this->line_no, this->code_address, this->file_address, get_line() );
       12:   50:			if( words[4] == "HL" ) {
        4:   51:				log.write_cycle_information( 8, 4 );			//	OR A, [HL]
        -:   52:			}
        -:   53:			else {
        8:   54:				log.write_cycle_information( 21, 7 );			//	OR A, [IX+o]
        -:   55:			}
        6:   56:			log.write_dump( this->code_address, this->file_address, this->data );
        6:   57:			log.write_separator();
        -:   58:		}
        -:   59:		return check_all_fixed();
        -:   60:	}
       54:   61:	if( this->opecode_source8( info, 0xB0 ) ) {
        -:   62:		//	log
       48:   63:		if( !this->is_analyze_phase ) {
       32:   64:			log.write_line_infomation( this->line_no, this->code_address, this->file_address, get_line() );
       32:   65:			if( data.size() == 2 ) {
        8:   66:				log.write_cycle_information( 10, 2 );			//	OR IXh
        -:   67:			}
        -:   68:			else {
       24:   69:				log.write_cycle_information( 5, 1 );			//	OR r
        -:   70:			}
       16:   71:			log.write_dump( this->code_address, this->file_address, this->data );
       16:   72:			log.write_separator();
        -:   73:		}
        -:   74:		return check_all_fixed();
        -:   75:	}
        6:   76:	if( this->opecode_n8( info, 0xF6 ) ) {
        -:   77:		//	log
        3:   78:		if( !this->is_analyze_phase ) {
        2:   79:			log.write_line_infomation( this->line_no, this->code_address, this->file_address, get_line() );
        2:   80:			log.write_cycle_information( 8, 2 );			//	OR n
        1:   81:			log.write_dump( this->code_address, this->file_address, this->data );
        1:   82:			log.write_separator();
        -:   83:		}
        -:   84:		return check_all_fixed();
        -:   85:	}
       15:   86:	put_error( CZMA_ERROR::get( CZMA_ERROR_CODE::ILLEGAL_OPERAND ) );
        3:   87:	return false;
      154:   88:}
        -:   89:
