        -:    0:Source:../sub/zma_parse_process_dec.cpp
        -:    0:Programs:106
        -:    1:// --------------------------------------------------------------------
        -:    2://	Z80 Macro Assembler parse
        -:    3:// ====================================================================
        -:    4://	2019/05/04	t.hara
        -:    5:// --------------------------------------------------------------------
        -:    6:
        -:    7:#include "zma_parse.hpp"
        -:    8:#include "zma_text.hpp"
        -:    9:#include "zma_parse_process.hpp"
        -:   10:#include <string>
        -:   11:#include <cctype>
        -:   12:#include <iostream>
        -:   13:#include <fstream>
        -:   14:#include <sstream>
        -:   15:#include <algorithm>
        -:   16:
        -:   17:#include "zma_parse_process_dec.hpp"
        -:   18:
        -:   19:// --------------------------------------------------------------------
      123:   20:bool CZMA_PARSE_DEC::process( CZMA_INFORMATION& info, CZMA_PARSE* p_last_line ) {
        -:   21:
      123:   22:	update_flags( &info, p_last_line );
      123:   23:	if( this->opecode_destination8( info, 0x05 ) ) {
        -:   24:		//	log
       66:   25:		if( !this->is_analyze_phase ) {
       44:   26:			log.write_line_infomation( this->line_no, this->code_address, this->file_address, get_line() );
       44:   27:			if( data.size() == 2 ) {
       16:   28:				log.write_cycle_information( 10, 2 );	//	DEC IXh
        -:   29:			}
        -:   30:			else {
       28:   31:				log.write_cycle_information( 5, 1 );	//	DEC r
        -:   32:			}
       22:   33:			log.write_dump( this->code_address, this->file_address, this->data );
       22:   34:			log.write_separator();
        -:   35:		}
        -:   36:		return check_all_fixed();
        -:   37:	}
       57:   38:	if( this->opecode_register16( info, 0x0B ) ) {
        -:   39:		//	log
       36:   40:		if( !this->is_analyze_phase ) {
       24:   41:			log.write_line_infomation( this->line_no, this->code_address, this->file_address, get_line() );
       34:   42:			if( words[1] == "IX" || words[1] == "IY" ) {
       12:   43:				log.write_cycle_information( 12, 2 );	//	DEC IX
        -:   44:			}
        -:   45:			else {
       24:   46:				log.write_cycle_information( 7, 1 );	//	DEC rr
        -:   47:			}
       12:   48:			log.write_dump( this->code_address, this->file_address, this->data );
       12:   49:			log.write_separator();
        -:   50:		}
        -:   51:		return check_all_fixed();
        -:   52:	}
       21:   53:	if( this->opecode_memory_hl( info, 0x35 ) ) {
        -:   54:		//	log
       18:   55:		if( !this->is_analyze_phase ) {
       12:   56:			log.write_line_infomation( this->line_no, this->code_address, this->file_address, get_line() );
       12:   57:			if( words[2] == "HL" ) {
        4:   58:				log.write_cycle_information( 12, 7 );	//	DEC [HL]
        -:   59:			}
        -:   60:			else {
        8:   61:				log.write_cycle_information( 25, 10 );	//	DEC [IX+o]
        -:   62:			}
        6:   63:			log.write_dump( this->code_address, this->file_address, this->data );
        6:   64:			log.write_separator();
        -:   65:		}
        -:   66:		return check_all_fixed();
        -:   67:	}
       15:   68:	put_error( CZMA_ERROR::get( CZMA_ERROR_CODE::ILLEGAL_OPERAND ) );
        3:   69:	return false;
      170:   70:}
        -:   71:
