        -:    0:Source:../sub/zma_parse_process_dec.cpp
        -:    0:Programs:106
        -:    1:// --------------------------------------------------------------------
        -:    2://	Z80 Macro Assembler parse
        -:    3:// ====================================================================
        -:    4://	2019/05/04	t.hara
        -:    5:// --------------------------------------------------------------------
        -:    6:
        -:    7:#include "zma_parse.hpp"
        -:    8:#include "zma_text.hpp"
        -:    9:#include "zma_parse_process.hpp"
        -:   10:#include <string>
        -:   11:#include <cctype>
        -:   12:#include <iostream>
        -:   13:#include <fstream>
        -:   14:#include <sstream>
        -:   15:#include <algorithm>
        -:   16:
        -:   17:// --------------------------------------------------------------------
      123:   18:bool CZMA_PARSE_DEC::process( CZMA_INFORMATION& info, CZMA_PARSE* p_last_line ) {
        -:   19:
      123:   20:	update_flags( &info, p_last_line );
      123:   21:	if( this->opecode_destination8( info, 0x05 ) ) {
        -:   22:		//	log
       66:   23:		if( !this->is_analyze_phase ) {
       44:   24:			log.write_line_infomation( this->line_no, this->code_address, this->file_address, get_line() );
       44:   25:			if( data.size() == 2 ) {
       16:   26:				log.write_cycle_information( 10, 2 );	//	DEC IXh
        -:   27:			}
        -:   28:			else {
       28:   29:				log.write_cycle_information( 5, 1 );	//	DEC r
        -:   30:			}
       22:   31:			log.write_dump( this->code_address, this->file_address, this->data );
       22:   32:			log.write_separator();
        -:   33:		}
        -:   34:		return check_all_fixed();
        -:   35:	}
       57:   36:	if( this->opecode_register16( info, 0x0B ) ) {
        -:   37:		//	log
       36:   38:		if( !this->is_analyze_phase ) {
       24:   39:			log.write_line_infomation( this->line_no, this->code_address, this->file_address, get_line() );
       34:   40:			if( words[1] == "IX" || words[1] == "IY" ) {
       12:   41:				log.write_cycle_information( 12, 2 );	//	DEC IX
        -:   42:			}
        -:   43:			else {
       24:   44:				log.write_cycle_information( 7, 1 );	//	DEC rr
        -:   45:			}
       12:   46:			log.write_dump( this->code_address, this->file_address, this->data );
       12:   47:			log.write_separator();
        -:   48:		}
        -:   49:		return check_all_fixed();
        -:   50:	}
       21:   51:	if( this->opecode_memory_hl( info, 0x35 ) ) {
        -:   52:		//	log
       18:   53:		if( !this->is_analyze_phase ) {
       12:   54:			log.write_line_infomation( this->line_no, this->code_address, this->file_address, get_line() );
       12:   55:			if( words[2] == "HL" ) {
        4:   56:				log.write_cycle_information( 12, 7 );	//	DEC [HL]
        -:   57:			}
        -:   58:			else {
        8:   59:				log.write_cycle_information( 25, 10 );	//	DEC [IX+o]
        -:   60:			}
        6:   61:			log.write_dump( this->code_address, this->file_address, this->data );
        6:   62:			log.write_separator();
        -:   63:		}
        -:   64:		return check_all_fixed();
        -:   65:	}
       15:   66:	put_error( CZMA_ERROR::get( CZMA_ERROR_CODE::ILLEGAL_OPERAND ) );
        3:   67:	return false;
      156:   68:}
        -:   69:
