        -:    0:Source:../sub/zma_parse_process_user_message.cpp
        -:    0:Programs:105
        -:    1:// --------------------------------------------------------------------
        -:    2://	Z80 Macro Assembler parse
        -:    3:// ====================================================================
        -:    4://	2019/05/04	t.hara
        -:    5:// --------------------------------------------------------------------
        -:    6:
        -:    7:#include "zma_parse.hpp"
        -:    8:#include "zma_text.hpp"
        -:    9:#include "zma_parse_process.hpp"
        -:   10:#include <string>
        -:   11:#include <cctype>
        -:   12:#include <iostream>
        -:   13:#include <fstream>
        -:   14:#include <sstream>
        -:   15:#include <algorithm>
        -:   16:
        -:   17:#include "zma_parse_process_user_message.hpp"
        -:   18:
        -:   19:// --------------------------------------------------------------------
      261:   20:bool CZMA_PARSE_USER_MESSAGE::process( CZMA_INFORMATION& info, CZMA_PARSE* p_last_line ) {
        -:   21:	CVALUE v;
        -:   22:
      261:   23:	set_code_size( &info, 0 );
      261:   24:	this->is_data_fixed = true;
      261:   25:	update_flags( &info, p_last_line );
      522:   26:	if( words.size() == 1 ) {
       15:   27:		put_error( CZMA_ERROR::get( CZMA_ERROR_CODE::TOO_MANY_PARAMETERS ) );
        3:   28:		return false;
        -:   29:	}
      258:   30:	if( this->expression( info, 1, v, false ) == 0 ) {
      300:   31:		put_error( CZMA_ERROR::get( CZMA_ERROR_CODE::ILLEGAL_PARAMETER ) );
       60:   32:		return false;
        -:   33:	}
      396:   34:	else if( v.is_unknown() ){
    #####:   35:		put_error( CZMA_ERROR::get( CZMA_ERROR_CODE::ILLEGAL_PARAMETER ) );
    #####:   36:		return false;
        -:   37:	}
      198:   38:	if( v.is_integer() ) {
       27:   39:		v.s = std::to_string( v.i );
        -:   40:	}
        -:   41:	//	log
      198:   42:	if( !this->is_analyze_phase ) {
      132:   43:		put_message( v.s );
        -:   44:	}
        -:   45:	return true;
      156:   46:}
