        -:    0:Source:../sub/zma_parse_process_push.cpp
        -:    0:Programs:106
        -:    1:// --------------------------------------------------------------------
        -:    2://	Z80 Macro Assembler parse
        -:    3:// ====================================================================
        -:    4://	2019/05/04	t.hara
        -:    5:// --------------------------------------------------------------------
        -:    6:
        -:    7:#include "zma_parse.hpp"
        -:    8:#include "zma_text.hpp"
        -:    9:#include "zma_parse_process.hpp"
        -:   10:#include <string>
        -:   11:#include <cctype>
        -:   12:#include <iostream>
        -:   13:#include <fstream>
        -:   14:#include <sstream>
        -:   15:#include <algorithm>
        -:   16:
        -:   17:#include "zma_parse_process_push.hpp"
        -:   18:
        -:   19:// --------------------------------------------------------------------
       39:   20:bool CZMA_PARSE_PUSH::process( CZMA_INFORMATION& info, CZMA_PARSE* p_last_line ) {
        -:   21:
       39:   22:	update_flags( &info, p_last_line );
       39:   23:	if( this->opecode_register16_with_af( info, 0xC5 ) ) {
        -:   24:		//	log
       36:   25:		if( !this->is_analyze_phase ) {
       24:   26:			log.write_line_infomation( this->line_no, this->code_address, this->file_address, get_line() );
       34:   27:			if( words[1] == "IX" || words[1] == "IY" ) {
       12:   28:				log.write_cycle_information( 17, 7 );
        -:   29:			}
        -:   30:			else {
       24:   31:				log.write_cycle_information( 12, 6 );
        -:   32:			}
       12:   33:			log.write_dump( this->code_address, this->file_address, this->data );
       12:   34:			log.write_separator();
        -:   35:		}
        -:   36:		return check_all_fixed();
        -:   37:	}
       15:   38:	put_error( CZMA_ERROR::get( CZMA_ERROR_CODE::ILLEGAL_OPERAND ) );
        3:   39:	return false;
      172:   40:}
        -:   41:
