        -:    0:Source:../zma_text.cpp
        -:    0:Programs:106
        -:    1:// --------------------------------------------------------------------
        -:    2://	ZMA: CZMA_TEXT
        -:    3:// ====================================================================
        -:    4://	2019/05/02	t.hara
        -:    5:// --------------------------------------------------------------------
        -:    6:
        -:    7:#include "zma_text.hpp"
        -:    8:#include <fstream>
        -:    9:#include <iostream>
        -:   10:
        -:   11:// ----------------------------------------------------------------
        -:   12://	Constructor
        -:   13:// ----------------------------------------------------------------
      740:   14:CZMA_TEXT::CZMA_TEXT() {
      740:   15:	code_size = -1;
      740:   16:	next_code_address = -1;
      740:   17:}
        -:   18:
        -:   19:// ----------------------------------------------------------------
        -:   20://	Destructor
        -:   21:// ----------------------------------------------------------------
      168:   22:CZMA_TEXT::~CZMA_TEXT() {
    14328:   23:	for( auto p: m_text ) { 
    14244:   24:		delete p; 
        -:   25:	}
       84:   26:}
        -:   27:
        -:   28:// ----------------------------------------------------------------
        -:   29://	code size
        -:   30:// ----------------------------------------------------------------
      131:   31:void CZMA_TEXT::calc_code_size( void ) {
        -:   32:
      131:   33:	code_size = 0;
      271:   34:	for( auto &p : this->m_text ){
      158:   35:		if( p->is_fixed_code_size() ){
      140:   36:			code_size += p->get_code_size();
        -:   37:		}
        -:   38:		else{
       18:   39:			code_size = -1;
       18:   40:			break;
        -:   41:		}
      140:   42:		if( p->is_fixed_next_code_address() ){
      137:   43:			next_code_address = p->get_next_code_address();
        -:   44:		}
        -:   45:		else{
        3:   46:			next_code_address = -1;
        -:   47:		}
        -:   48:	}
      131:   49:}
        -:   50:
        -:   51:// ----------------------------------------------------------------
        -:   52://	check data fixed
        -:   53:// ----------------------------------------------------------------
      131:   54:bool CZMA_TEXT::check_data_fixed( void ){
        -:   55:
      270:   56:	for( auto &p : this->m_text ){
      158:   57:		if( !p->check_data_fixed() ){
        -:   58:			return false;
        -:   59:		}
        -:   60:	}
        -:   61:	return true;
        -:   62:}
        -:   63:
        -:   64:// ----------------------------------------------------------------
        -:   65://	File Load
        -:   66:// ----------------------------------------------------------------
       97:   67:bool CZMA_TEXT::load( CZMA_INFORMATION &info, const char* p_file_name ) {
       97:   68:	m_text.clear();
        -:   69:	std::string s;
        -:   70:	CZMA_PARSE *p_parse;
        -:   71:	int line_no;
       97:   72:	std::vector< std::string > words, labels;
        -:   73:
      194:   74:	std::ifstream file;
       97:   75:	file.open( p_file_name );
       97:   76:	if( !file ) {
        -:   77:		return false;
        -:   78:	}
        -:   79:	line_no = 1;
    14644:   80:	for( ;; line_no++) {
    29385:   81:		if(file.bad()) {
        -:   82:			break;
        -:   83:		}
    29482:   84:		if(!std::getline( file, s )) {
        -:   85:			break;
        -:   86:		}
    43932:   87:		words = CZMA_PARSE::get_word_split( s );
    37138:   88:		if( words.size() > 2 && ( (words[ 1 ] == ":") || (words[ 1 ] == "::") ) ){
        7:   89:			labels.resize( 2 );
        7:   90:			labels[ 0 ] = words[ 0 ];
       14:   91:			labels[ 1 ] = words[ 1 ];
        7:   92:			p_parse = CZMA_PARSE::create( info, labels, p_file_name, line_no );
        7:   93:			m_text.push_back( p_parse );
        -:   94:			words.erase( words.begin() );
        -:   95:			words.erase( words.begin() );
        7:   96:			p_parse = CZMA_PARSE::create( info, words, p_file_name, line_no );
        7:   97:			m_text.push_back( p_parse );
        -:   98:		}
        -:   99:		else{
    29274:  100:			p_parse = CZMA_PARSE::create( info, words, p_file_name, line_no );
    14637:  101:			m_text.push_back( p_parse );
        -:  102:		}
        -:  103:	}
       97:  104:	file.close();
        -:  105:	return true;
        -:  106:}
        -:  107:
        -:  108:// --------------------------------------------------------------------
     1738:  109:CZMA_PARSE *CZMA_TEXT::process( CZMA_INFORMATION &info, unsigned int &success_count, CZMA_PARSE *p_prev_line, bool output_mode ) {
        -:  110:	CZMA_PARSE* p_prev;
        -:  111:	bool result;
        -:  112:	int nest_count = 0;
        -:  113:	p_prev = p_prev_line;
        -:  114:	result = true;
     1738:  115:	success_count = 0;
     1738:  116:	std::vector<std::string> words;
        -:  117:
    47348:  118:	for( auto p = m_text.begin(); p != m_text.end(); ) {
    45610:  119:		if( output_mode ) {
    15086:  120:			(*p)->set_output_mode();
        -:  121:		}
        -:  122:		//	パースエラーを起こした行の場合、再パースを試みる
    45610:  123:		if( ( *p )->is_parse_error() ){
       78:  124:			words = CZMA_PARSE::get_word_split( ( *p )->get_line() );
       26:  125:			CZMA_PARSE *p_parse = CZMA_PARSE::create( info, words, ( *p )->get_file_name(), ( *p )->get_line_no() );
       26:  126:			if( !( p_parse->is_parse_error() ) ){
        2:  127:				p = m_text.erase( p );
        2:  128:				p = m_text.insert( p, p_parse );
        -:  129:			}
        -:  130:			else{
       24:  131:				delete p_parse;
        -:  132:			}
        -:  133:		}
        -:  134:		//	ブロックの外側の処理
    45610:  135:		if( ( *p )->process( info, p_prev ) ){
    25143:  136:			success_count++;
        -:  137:		}
    45610:  138:		p_prev = ( *p );
        -:  139:		p++;
        -:  140:	}
     1738:  141:	return p_prev;
        -:  142:}
        -:  143:
        -:  144:// --------------------------------------------------------------------
      520:  145:void CZMA_TEXT::analyze_structure( void ){
      520:  146:	std::vector<CZMA_PARSE *>::iterator pp_current = this->m_text.begin();
        -:  147:
    15579:  148:	while( pp_current != this->m_text.end() ){
    15059:  149:		(*pp_current)->block_structure( this->m_text, pp_current );
        -:  150:		pp_current++;
        -:  151:	}
      520:  152:}
        -:  153:
        -:  154:// --------------------------------------------------------------------
       83:  155:bool CZMA_TEXT::all_process( CZMA_INFORMATION& info ) {
        -:  156:	unsigned int success_count;
        -:  157:	CZMA_PARSE* p_last_line;
        -:  158:
       83:  159:	this->analyze_structure();
       83:  160:	if( CZMA_PARSE::get_number_of_errors() ){
        -:  161:		return false;
        -:  162:	}
        -:  163:	for( ; ; ) {
      175:  164:		info.clear();
      175:  165:		p_last_line = this->process( info, success_count, nullptr, false );
      175:  166:		info.set_evaluated_for_all_links();
      175:  167:		if( !info.is_updated ) {
        -:  168:			break;
        -:  169:		}
        -:  170:	}
       82:  171:	info.clear();
       82:  172:	p_last_line = this->process( info, success_count, nullptr, true );
       82:  173:	if( p_last_line == nullptr || ((p_last_line->get_file_address() == 0) && (p_last_line->get_code_size() == 0)) ) {
       13:  174:		std::cerr << "Code is not found.\n";
        -:  175:		return false;
        -:  176:	}
      138:  177:	if( info.scope.size() > 0 ) {
       15:  178:		p_last_line->put_error( CZMA_ERROR::get( CZMA_ERROR_CODE::SCOPE_IS_NOT_CLOSED ) );
        3:  179:		return false;
        -:  180:	}
       66:  181:	if( CZMA_PARSE::get_number_of_errors() ) {
       21:  182:		std::cerr << "Found " << CZMA_PARSE::get_number_of_errors() << " error(s).\n";
        -:  183:		return false;
        -:  184:	}
        -:  185:	return true;
        -:  186:}
        -:  187:
        -:  188:// --------------------------------------------------------------------
      571:  189:bool CZMA_TEXT::write( CZMA_INFORMATION& info, std::ofstream* f ) {
        -:  190:	bool result;
        -:  191:
        -:  192:	result = true;
    15716:  193:	for( auto &p: m_text ) {
    15145:  194:		result = result && p->write_output_and_log( info, f );
        -:  195:	}
      571:  196:	if( info.output_type == CZMA_INFORMATION::OUTPUT_TYPE::CZMA_INTELHEX ){
        1:  197:		info.hexfile.flush( *f );
        -:  198:	}
      571:  199:	return result;
        -:  200:}
        -:  201:
        -:  202:// --------------------------------------------------------------------
       83:  203:bool CZMA_TEXT::save( CZMA_INFORMATION& info, const char* p_file_name ) {
      166:  204:	std::ofstream f;
        -:  205:
       83:  206:	f.open( p_file_name, std::ios::out | std::ios::binary );
       83:  207:	bool result = this->write( info, &f );
       83:  208:	info.write();
       83:  209:	return result;
      172:  210:}
