        -:    0:Source:../sub/zma_parse_process_space.cpp
        -:    0:Programs:106
        -:    1:// --------------------------------------------------------------------
        -:    2://	Z80 Macro Assembler parse
        -:    3:// ====================================================================
        -:    4://	2019/05/04	t.hara
        -:    5:// --------------------------------------------------------------------
        -:    6:
        -:    7:#include "zma_parse.hpp"
        -:    8:#include "zma_text.hpp"
        -:    9:#include "zma_parse_process.hpp"
        -:   10:#include <string>
        -:   11:#include <cctype>
        -:   12:#include <iostream>
        -:   13:#include <fstream>
        -:   14:#include <sstream>
        -:   15:#include <algorithm>
        -:   16:
        -:   17:#include "zma_parse_process_space.hpp"
        -:   18:
        -:   19:// --------------------------------------------------------------------
       74:   20:bool CZMA_PARSE_SPACE::process( CZMA_INFORMATION &info, CZMA_PARSE *p_last_line ){
        -:   21:	int i, space_size, value;
        -:   22:	CVALUE v;
        -:   23:
       74:   24:	update_flags( &info, p_last_line );
       74:   25:	if( !this->is_data_fixed ){
       51:   26:		if( !this->is_fixed_code_size() ){
        -:   27:			//	サイズ
       51:   28:			i = this->expression( info, 1, v );
       51:   29:			if( i == 0 ){
       30:   30:				put_error( CZMA_ERROR::get( CZMA_ERROR_CODE::ILLEGAL_EXPRESSION ) );
        -:   31:				data.clear();
        6:   32:				return false;
        -:   33:			}
       45:   34:			if( v.value_type != CVALUE_TYPE::CV_INTEGER ){
       50:   35:				put_error( CZMA_ERROR::get( CZMA_ERROR_CODE::ILLEGAL_EXPRESSION ) );
       10:   36:				return false;
        -:   37:			}
       35:   38:			if( v.i < 0 || v.i > 65536 ){
       40:   39:				put_error( CZMA_ERROR::get( CZMA_ERROR_CODE::ILLEGAL_PARAMETER ) );
        8:   40:				return false;
        -:   41:			}
        -:   42:			space_size = v.i;
        -:   43:			//	, があるか？
       75:   44:			if( i < (int)this->words.size() && this->words[ i ] == "," ){
       21:   45:				i = this->expression( info, i + 1, v );
       21:   46:				if( i == 0 ){
       20:   47:					put_error( CZMA_ERROR::get( CZMA_ERROR_CODE::ILLEGAL_EXPRESSION ) );
        -:   48:					data.clear();
        4:   49:					return false;
        -:   50:				}
       17:   51:				if( v.value_type != CVALUE_TYPE::CV_INTEGER ){
       20:   52:					put_error( CZMA_ERROR::get( CZMA_ERROR_CODE::ILLEGAL_EXPRESSION ) );
        4:   53:					return false;
        -:   54:				}
       13:   55:				if( v.i < 0 || v.i > 65536 ){
       40:   56:					put_error( CZMA_ERROR::get( CZMA_ERROR_CODE::ILLEGAL_PARAMETER ) );
        8:   57:					return false;
        -:   58:				}
        -:   59:				value = v.i;
        -:   60:			}
        -:   61:			else{
        -:   62:				value = 0;
        -:   63:			}
        -:   64:			//	スペースを確保する
        -:   65:			this->set_code_size( &info, space_size );
     1267:   66:			for( i = 0; i < space_size; i++ ){
     1256:   67:				this->data.push_back( value );
        -:   68:			}
       11:   69:			this->is_data_fixed = true;
       11:   70:			info.is_updated = true;
        -:   71:		}
        -:   72:	}
        -:   73:
       34:   74:	if( !is_analyze_phase ){
       22:   75:		log.write_line_infomation( this->line_no, this->code_address, this->file_address, get_line() );
       11:   76:		if( this->get_code_size() ){
       20:   77:			std::stringstream ss;
       50:   78:			log.write_message( "Allocate space: " + std::to_string( this->get_code_size() ) + "byte(s)" );
       20:   79:			ss << "Fill value    : " << (int)this->data[ 0 ] << "(0x" << std::setw(2) << std::setfill('0') << std::hex << (int)this->data[0] << ")";
       20:   80:			log.write_message( ss.str() );
        -:   81:		}
        -:   82:		else{
        2:   83:			log.write_message( "No space was allocated." );
        -:   84:		}
       11:   85:		log.write_dump( this->code_address, this->file_address, this->data );
       11:   86:		log.write_separator();
        -:   87:	}
        -:   88:	return check_all_fixed();
      170:   89:}
        -:   90:
