        -:    0:Source:../sub/zma_parse_process_sub.cpp
        -:    0:Programs:105
        -:    1:// --------------------------------------------------------------------
        -:    2://	Z80 Macro Assembler parse
        -:    3:// ====================================================================
        -:    4://	2019/05/04	t.hara
        -:    5:// --------------------------------------------------------------------
        -:    6:
        -:    7:#include "zma_parse.hpp"
        -:    8:#include "zma_text.hpp"
        -:    9:#include "zma_parse_process.hpp"
        -:   10:#include <string>
        -:   11:#include <cctype>
        -:   12:#include <iostream>
        -:   13:#include <fstream>
        -:   14:#include <sstream>
        -:   15:#include <algorithm>
        -:   16:
        -:   17:// --------------------------------------------------------------------
      138:   18:bool CZMA_PARSE_SUB::process( CZMA_INFORMATION& info, CZMA_PARSE* p_last_line ) {
        -:   19:
      138:   20:	update_flags( &info, p_last_line );
      138:   21:	if( this->opecode_a_source8( info, 0x90 ) ) {
        -:   22:		//	log
       66:   23:		if( !this->is_analyze_phase ) {
       44:   24:			log.write_line_infomation( this->line_no, this->code_address, this->file_address, get_line() );
       44:   25:			if( data.size() == 2 ) {
       16:   26:				log.write_cycle_information( 10, 2 );			//	SUB A, IXh
        -:   27:			}
        -:   28:			else {
       28:   29:				log.write_cycle_information( 5, 1 );			//	SUB A, r
        -:   30:			}
       22:   31:			log.write_dump( this->code_address, this->file_address, this->data );
       22:   32:			log.write_separator();
        -:   33:		}
        -:   34:		return check_all_fixed();
        -:   35:	}
       72:   36:	if( this->opecode_a_memory_hl( info, 0x96 ) ) {
        -:   37:		//	log
       18:   38:		if( !this->is_analyze_phase ) {
       12:   39:			log.write_line_infomation( this->line_no, this->code_address, this->file_address, get_line() );
       12:   40:			if( words[4] == "HL" ) {
        4:   41:				log.write_cycle_information( 8, 4 );			//	SUB A, [HL]
        -:   42:			}
        -:   43:			else {
        8:   44:				log.write_cycle_information( 21, 7 );			//	SUB A, [IX+o]
        -:   45:			}
        6:   46:			log.write_dump( this->code_address, this->file_address, this->data );
        6:   47:			log.write_separator();
        -:   48:		}
        -:   49:		return check_all_fixed();
        -:   50:	}
       54:   51:	if( this->opecode_a_n8( info, 0xD6 ) ) {
        -:   52:		//	log
        6:   53:		if( !this->is_analyze_phase ) {
        4:   54:			log.write_line_infomation( this->line_no, this->code_address, this->file_address, get_line() );
        4:   55:			log.write_cycle_information( 8, 2 );			//	SUB A, n
        2:   56:			log.write_dump( this->code_address, this->file_address, this->data );
        2:   57:			log.write_separator();
        -:   58:		}
        -:   59:		return check_all_fixed();
        -:   60:	}
       48:   61:	if( this->opecode_source8( info, 0x90 ) ) {
        -:   62:		//	log
       42:   63:		if( !this->is_analyze_phase ) {
       28:   64:			log.write_line_infomation( this->line_no, this->code_address, this->file_address, get_line() );
       28:   65:			if( data.size() == 2 ) {
        8:   66:				log.write_cycle_information( 10, 2 );			//	SUB IXh
        -:   67:			}
        -:   68:			else {
       20:   69:				log.write_cycle_information( 5, 1 );			//	SUB r
        -:   70:			}
       14:   71:			log.write_dump( this->code_address, this->file_address, this->data );
       14:   72:			log.write_separator();
        -:   73:		}
        -:   74:		return check_all_fixed();
        -:   75:	}
        6:   76:	if( this->opecode_n8( info, 0xD6 ) ) {
        -:   77:		//	log
        3:   78:		if( !this->is_analyze_phase ) {
        2:   79:			log.write_line_infomation( this->line_no, this->code_address, this->file_address, get_line() );
        2:   80:			log.write_cycle_information( 8, 2 );			//	SUB n
        1:   81:			log.write_dump( this->code_address, this->file_address, this->data );
        1:   82:			log.write_separator();
        -:   83:		}
        -:   84:		return check_all_fixed();
        -:   85:	}
       15:   86:	put_error( CZMA_ERROR::get( CZMA_ERROR_CODE::ILLEGAL_OPERAND ) );
        3:   87:	return false;
      150:   88:}
        -:   89:
