        -:    0:Source:../sub/zma_parse_process_sra.cpp
        -:    0:Programs:106
        -:    1:// --------------------------------------------------------------------
        -:    2://	Z80 Macro Assembler parse
        -:    3:// ====================================================================
        -:    4://	2019/05/04	t.hara
        -:    5:// --------------------------------------------------------------------
        -:    6:
        -:    7:#include "zma_parse.hpp"
        -:    8:#include "zma_text.hpp"
        -:    9:#include "zma_parse_process.hpp"
        -:   10:#include <string>
        -:   11:#include <cctype>
        -:   12:#include <iostream>
        -:   13:#include <fstream>
        -:   14:#include <sstream>
        -:   15:#include <algorithm>
        -:   16:
        -:   17:#include "zma_parse_process_sra.hpp"
        -:   18:
        -:   19:// --------------------------------------------------------------------
       66:   20:bool CZMA_PARSE_SRA::process( CZMA_INFORMATION& info, CZMA_PARSE* p_last_line ) {
        -:   21:
       66:   22:	update_flags( &info, p_last_line );
       66:   23:	if( this->opecode_source8( info, 0xCB, 0x28 ) ) {
        -:   24:		//	log
       63:   25:		if( !this->is_analyze_phase ) {
       42:   26:			log.write_line_infomation( this->line_no, this->code_address, this->file_address, get_line() );
       42:   27:			if( data.size() == 2 ) {
       16:   28:				if( this->data[1] == 0x2E ) {
        4:   29:					log.write_cycle_information( 17, 8 );		//	SRA [HL]
        -:   30:				}
        -:   31:				else {
       28:   32:					log.write_cycle_information( 10, 2 );		//	SRA r
        -:   33:				}
        -:   34:			}
        -:   35:			else {
       10:   36:				log.write_cycle_information( 25, 10 );		//	SRA [IX+d]
        -:   37:			}
       21:   38:			log.write_dump( this->code_address, this->file_address, this->data );
       21:   39:			log.write_separator();
        -:   40:		}
        -:   41:		return check_all_fixed();
        -:   42:	}
       15:   43:	put_error( CZMA_ERROR::get( CZMA_ERROR_CODE::ILLEGAL_OPERAND ) );
        3:   44:	return false;
      162:   45:}
        -:   46:
