        -:    0:Source:../sub/zma_parse_process_nop.cpp
        -:    0:Programs:106
        -:    1:// --------------------------------------------------------------------
        -:    2://	Z80 Macro Assembler parse
        -:    3:// ====================================================================
        -:    4://	2019/05/04	t.hara
        -:    5:// --------------------------------------------------------------------
        -:    6:
        -:    7:#include "zma_parse.hpp"
        -:    8:#include "zma_text.hpp"
        -:    9:#include "zma_parse_process.hpp"
        -:   10:#include <string>
        -:   11:#include <cctype>
        -:   12:#include <iostream>
        -:   13:#include <fstream>
        -:   14:#include <sstream>
        -:   15:#include <algorithm>
        -:   16:
        -:   17:// --------------------------------------------------------------------
     9441:   18:bool CZMA_PARSE_NOP::process( CZMA_INFORMATION& info, CZMA_PARSE* p_last_line ) {
        -:   19:
     9441:   20:	update_flags( &info, p_last_line );
     9441:   21:	if( opecode( info, 0x00 ) ) {
        -:   22:		//	log
     9438:   23:		if( !this->is_analyze_phase ) {
     6292:   24:			log.write_line_infomation( this->line_no, this->code_address, this->file_address, get_line() );
     6292:   25:			log.write_cycle_information( 5, 1 );
     3146:   26:			log.write_dump( this->code_address, this->file_address, this->data );
     3146:   27:			log.write_separator();
        -:   28:		}
        -:   29:		return check_all_fixed();
        -:   30:	}
       15:   31:	put_error( CZMA_ERROR::get( CZMA_ERROR_CODE::ILLEGAL_OPERAND ) );
        3:   32:	return false;
      156:   33:}
        -:   34:
