        -:    0:Source:../sub/zma_parse_process_error.cpp
        -:    0:Programs:106
        -:    1:// --------------------------------------------------------------------
        -:    2://	Z80 Macro Assembler parse
        -:    3:// ====================================================================
        -:    4://	2019/05/04	t.hara
        -:    5:// --------------------------------------------------------------------
        -:    6:
        -:    7:#include "zma_parse.hpp"
        -:    8:#include "zma_text.hpp"
        -:    9:#include "zma_parse_process.hpp"
        -:   10:#include <string>
        -:   11:#include <cctype>
        -:   12:#include <iostream>
        -:   13:#include <fstream>
        -:   14:#include <sstream>
        -:   15:#include <algorithm>
        -:   16:
        -:   17:// --------------------------------------------------------------------
       18:   18:bool CZMA_PARSE_ERROR::process( CZMA_INFORMATION& info, CZMA_PARSE* p_last_line ) {
        -:   19:
       18:   20:	set_code_size( &info, 0 );
       18:   21:	update_flags( &info, p_last_line );
       90:   22:	put_error( CZMA_ERROR::get( CZMA_ERROR_CODE::INVALID_COMMAND ) );
       18:   23:	return false;
      156:   24:}
