        -:    0:Source:../sub/zma_parse_process_org.cpp
        -:    0:Programs:103
        -:    1:// --------------------------------------------------------------------
        -:    2://	Z80 Macro Assembler parse
        -:    3:// ====================================================================
        -:    4://	2019/05/04	t.hara
        -:    5:// --------------------------------------------------------------------
        -:    6:
        -:    7:#include "zma_parse.hpp"
        -:    8:#include "zma_text.hpp"
        -:    9:#include "zma_parse_process.hpp"
        -:   10:#include <string>
        -:   11:#include <cctype>
        -:   12:#include <iostream>
        -:   13:#include <fstream>
        -:   14:#include <sstream>
        -:   15:#include <algorithm>
        -:   16:
        -:   17:// --------------------------------------------------------------------
       82:   18:bool CZMA_PARSE_ORG::process( CZMA_INFORMATION& info, CZMA_PARSE* p_last_line ) {
        -:   19:	CVALUE address;
        -:   20:	int index;
        -:   21:
       82:   22:	update_flags( &info, p_last_line );
       82:   23:	index = this->expression( info, 1, address );
       82:   24:	this->code_size = 0;
       82:   25:	if( index == 0 ) {
       16:   26:		put_error( "Illegal expression." );
        8:   27:		return false;
        -:   28:	}
       74:   29:	if( address.value_type != CVALUE_TYPE::CV_INTEGER ) {
        8:   30:		put_error( "Illegal parameter." );
        4:   31:		return false;
        -:   32:	}
      140:   33:	if( index < (int)words.size() ) {
        8:   34:		put_error( "Illegal parameter." );
        4:   35:		return false;
        -:   36:	}
       66:   37:	this->is_data_fixed = true;
       66:   38:	this->code_address = address.i;
       66:   39:	this->next_code_address = address.i;
        -:   40:	//	log
       66:   41:	if( !this->is_analyze_phase ) {
       42:   42:		log.write_line_infomation( this->line_no, this->code_address, this->file_address, get_line() );
       21:   43:		log.write_separator();
        -:   44:	}
        -:   45:	return check_all_fixed();
      136:   46:}
        -:   47:
