        -:    0:Source:../sub/zma_parse_process_align.cpp
        -:    0:Programs:103
        -:    1:// --------------------------------------------------------------------
        -:    2://	Z80 Macro Assembler parse
        -:    3:// ====================================================================
        -:    4://	2019/05/04	t.hara
        -:    5:// --------------------------------------------------------------------
        -:    6:
        -:    7:#include "zma_parse.hpp"
        -:    8:#include "zma_text.hpp"
        -:    9:#include "zma_parse_process.hpp"
        -:   10:#include <string>
        -:   11:#include <cctype>
        -:   12:#include <iostream>
        -:   13:#include <fstream>
        -:   14:#include <sstream>
        -:   15:#include <algorithm>
        -:   16:
        -:   17:// --------------------------------------------------------------------
        6:   18:bool CZMA_PARSE_ALIGN::process( CZMA_INFORMATION &info, CZMA_PARSE *p_last_line ) {
        -:   19:	int i, address, padding_size, block_size;
        -:   20:	CVALUE v;
        -:   21:
        6:   22:	update_flags( &info, p_last_line );
        6:   23:	if( !this->is_data_fixed ){
        2:   24:		if( this->is_fixed_code_address() ){
        2:   25:			i = this->expression( info, 1, v );
        2:   26:			if( i == 0 ){
    #####:   27:				put_error( "Illegal expression." );
        -:   28:				data.clear();
    #####:   29:				return false;
        -:   30:			}
        2:   31:			if( v.value_type != CVALUE_TYPE::CV_INTEGER ){
    #####:   32:				put_error( "Illegal expression." );
    #####:   33:				return false;
        -:   34:			}
        2:   35:			if( v.i < 1 ){
    #####:   36:				put_error( "Illegal parameter." );
    #####:   37:				return false;
        -:   38:			}
        -:   39:			//	パディングの量を計算する
        -:   40:			block_size = v.i;
        2:   41:			address = this->get_code_address();
        2:   42:			padding_size = ( block_size - ( address % block_size ) ) % block_size;
        -:   43:			//	パディングする
        2:   44:			this->set_code_size( &info, padding_size );
    65474:   45:			for( i = 0; i < padding_size; i++ ){
    65472:   46:				this->data.push_back( 0 );
        -:   47:			}
        2:   48:			this->is_data_fixed = true;
        2:   49:			info.is_updated = true;
        -:   50:		}
        -:   51:	}
        -:   52:
        6:   53:	if( !is_analyze_phase ){
        4:   54:		log.write_line_infomation( this->line_no, this->code_address, this->file_address, get_line() );
       10:   55:		log.write_message( "Padding: " + std::to_string( this->get_code_size() ) + "byte(s)" );
        2:   56:		log.write_separator();
        -:   57:	}
        -:   58:	return check_all_fixed();
       12:   59:}
