        -:    0:Source:../sub/zma_parse_process_and.cpp
        -:    0:Programs:106
        -:    1:// --------------------------------------------------------------------
        -:    2://	Z80 Macro Assembler parse
        -:    3:// ====================================================================
        -:    4://	2019/05/04	t.hara
        -:    5:// --------------------------------------------------------------------
        -:    6:
        -:    7:#include "zma_parse.hpp"
        -:    8:#include "zma_text.hpp"
        -:    9:#include "zma_parse_process.hpp"
        -:   10:#include <string>
        -:   11:#include <cctype>
        -:   12:#include <iostream>
        -:   13:#include <fstream>
        -:   14:#include <sstream>
        -:   15:#include <algorithm>
        -:   16:
        -:   17:#include "zma_parse_process_and.hpp"
        -:   18:
        -:   19:// --------------------------------------------------------------------
      195:   20:bool CZMA_PARSE_AND::process( CZMA_INFORMATION& info, CZMA_PARSE* p_last_line ) {
        -:   21:
      195:   22:	update_flags( &info, p_last_line );
      195:   23:	if( this->opecode_a_source8( info, 0xA0 ) ) {
        -:   24:		//	log
       99:   25:		if( !this->is_analyze_phase ) {
       66:   26:			log.write_line_infomation( this->line_no, this->code_address, this->file_address, get_line() );
       66:   27:			if( data.size() == 2 ) {
       24:   28:				log.write_cycle_information( 10, 2 );			//	AND A, IXh
        -:   29:			}
        -:   30:			else {
       42:   31:				log.write_cycle_information( 5, 1 );			//	AND A, r
        -:   32:			}
       33:   33:			log.write_dump( this->code_address, this->file_address, this->data );
       33:   34:			log.write_separator();
        -:   35:		}
        -:   36:		return check_all_fixed();
        -:   37:	}
       96:   38:	if( this->opecode_a_n8( info, 0xE6 ) ) {
        -:   39:		//	log
        9:   40:		if( !this->is_analyze_phase ) {
        6:   41:			log.write_line_infomation( this->line_no, this->code_address, this->file_address, get_line() );
        6:   42:			log.write_cycle_information( 8, 2 );				//	AND A, n
        3:   43:			log.write_dump( this->code_address, this->file_address, this->data );
        3:   44:			log.write_separator();
        -:   45:		}
        -:   46:		return check_all_fixed();
        -:   47:	}
       87:   48:	if( this->opecode_a_memory_hl( info, 0xA6 ) ) {
        -:   49:		//	log
       27:   50:		if( !this->is_analyze_phase ) {
       18:   51:			if( words[4] == "HL" ) {
        6:   52:				log.write_cycle_information( 8, 4 );			//	AND A, [HL]
        -:   53:			}
        -:   54:			else {
       12:   55:				log.write_cycle_information( 21, 7 );			//	AND A, [IX+o]
        -:   56:			}
        9:   57:			log.write_dump( this->code_address, this->file_address, this->data );
        9:   58:			log.write_separator();
        -:   59:		}
        -:   60:		return check_all_fixed();
        -:   61:	}
       60:   62:	if( this->opecode_source8( info, 0xA0 ) ) {
        -:   63:		//	log
       54:   64:		if( !this->is_analyze_phase ) {
       36:   65:			log.write_line_infomation( this->line_no, this->code_address, this->file_address, get_line() );
       36:   66:			if( data.size() == 2 ) {
        8:   67:				log.write_cycle_information( 10, 2 );			//	AND IXh
        -:   68:			}
        -:   69:			else {
       28:   70:				log.write_cycle_information( 5, 1 );			//	AND r
        -:   71:			}
       18:   72:			log.write_dump( this->code_address, this->file_address, this->data );
       18:   73:			log.write_separator();
        -:   74:		}
        -:   75:		return check_all_fixed();
        -:   76:	}
        6:   77:	if( this->opecode_n8( info, 0xE6 ) ) {
        -:   78:		//	log
        3:   79:		if( !this->is_analyze_phase ) {
        2:   80:			log.write_line_infomation( this->line_no, this->code_address, this->file_address, get_line() );
        2:   81:			log.write_cycle_information( 8, 2 );				//	AND n
        1:   82:			log.write_dump( this->code_address, this->file_address, this->data );
        1:   83:			log.write_separator();
        -:   84:		}
        -:   85:		return check_all_fixed();
        -:   86:	}
       15:   87:	put_error( CZMA_ERROR::get( CZMA_ERROR_CODE::ILLEGAL_OPERAND ) );
        3:   88:	return false;
      172:   89:}
        -:   90:
