        -:    0:Source:../sub/zma_parse_process_djnz.cpp
        -:    0:Programs:106
        -:    1:// --------------------------------------------------------------------
        -:    2://	Z80 Macro Assembler parse
        -:    3:// ====================================================================
        -:    4://	2019/05/04	t.hara
        -:    5:// --------------------------------------------------------------------
        -:    6:
        -:    7:#include "zma_parse.hpp"
        -:    8:#include "zma_text.hpp"
        -:    9:#include "zma_parse_process.hpp"
        -:   10:#include <string>
        -:   11:#include <cctype>
        -:   12:#include <iostream>
        -:   13:#include <fstream>
        -:   14:#include <sstream>
        -:   15:#include <algorithm>
        -:   16:
        -:   17:#include "zma_parse_process_djnz.hpp"
        -:   18:
        -:   19:// --------------------------------------------------------------------
       18:   20:bool CZMA_PARSE_DJNZ::process( CZMA_INFORMATION& info, CZMA_PARSE* p_last_line ) {
        -:   21:	int relative;
        -:   22:
       18:   23:	update_flags( &info, p_last_line );
       36:   24:	if( words.size() < 2 ) {
    #####:   25:		put_error( CZMA_ERROR::get( CZMA_ERROR_CODE::ILLEGAL_OPERAND ) );
    #####:   26:		return false;
        -:   27:	}
       18:   28:	if( !this->is_data_fixed ) {
        -:   29:		this->set_code_size( &info, 2 );
       11:   30:		relative = this->relative_address( info, 1 );
       11:   31:		if( relative == -9999 ) {
        -:   32:			return false;
        -:   33:		}
        4:   34:		this->is_data_fixed = true;
        8:   35:		this->data.push_back( 0x10 );
        8:   36:		this->data.push_back( relative );
        -:   37:	}
        -:   38:	//	log
       11:   39:	if( !this->is_analyze_phase ) {
        8:   40:		log.write_line_infomation( this->line_no, this->code_address, this->file_address, get_line() );
        8:   41:		log.write_cycle_information( 14, 3, 9, 2 );
        4:   42:		log.write_dump( this->code_address, this->file_address, this->data );
        4:   43:		log.write_separator();
        -:   44:	}
        -:   45:	return check_all_fixed();
      170:   46:}
        -:   47:
