        -:    0:Source:../sub/zma_parse_process_user_error.cpp
        -:    0:Programs:103
        -:    1:// --------------------------------------------------------------------
        -:    2://	Z80 Macro Assembler parse
        -:    3:// ====================================================================
        -:    4://	2019/05/04	t.hara
        -:    5:// --------------------------------------------------------------------
        -:    6:
        -:    7:#include "zma_parse.hpp"
        -:    8:#include "zma_text.hpp"
        -:    9:#include "zma_parse_process.hpp"
        -:   10:#include <string>
        -:   11:#include <cctype>
        -:   12:#include <iostream>
        -:   13:#include <fstream>
        -:   14:#include <sstream>
        -:   15:#include <algorithm>
        -:   16:
        -:   17:// --------------------------------------------------------------------
       31:   18:bool CZMA_PARSE_USER_ERROR::process( CZMA_INFORMATION& info, CZMA_PARSE* p_last_line ) {
        -:   19:	CVALUE v;
        -:   20:
       31:   21:	set_code_size( &info, 0 );
       31:   22:	update_flags( &info, p_last_line );
       62:   23:	if( words.size() == 1 ) {
        6:   24:		put_error( "Too many parameters." );
        3:   25:		return false;
        -:   26:	}
       28:   27:	if( this->expression( info, 1, v, false ) == 0 ) {
       12:   28:		put_error( "Illegal parameter." );
        -:   29:	}
       28:   30:	if( v.value_type == CVALUE_TYPE::CV_STRING ) {
       38:   31:		put_error( v.s );
        -:   32:	}
        9:   33:	else if( v.value_type == CVALUE_TYPE::CV_INTEGER ) {
        9:   34:		put_error( std::to_string( v.i ) );
        -:   35:	}
        -:   36:	else {
       12:   37:		put_error( "Illegal parameter." );
        -:   38:	}
        -:   39:	return false;
      138:   40:}
