        -:    0:Source:../sub/zma_parse_process_macro.hpp
        -:    0:Programs:104
        -:    1:// --------------------------------------------------------------------
        -:    2://	Z80 Macro Assembler parse
        -:    3:// ====================================================================
        -:    4://	2019/05/04	t.hara
        -:    5:// --------------------------------------------------------------------
        -:    6:
        -:    7:#pragma once
        -:    8:
        -:    9:#include "zma_parse_process.hpp"
        -:   10:
    #####:   11:CLASS_CZMA_PARSE( MACRO );
        -:   12:
        -:   13:// --------------------------------------------------------------------
        -:   14:class CZMA_PARSE_ENDM: public CZMA_PARSE {
        -:   15:public:
        -:   16:	CZMA_MACRO* p_macro = nullptr;
        -:   17:	bool is_loaded = false;
        -:   18:
    #####:   19:	using CZMA_PARSE::CZMA_PARSE;
        -:   20:	bool process( CZMA_INFORMATION& info, CZMA_PARSE* p_last_line = nullptr ) override;
        -:   21:};
        -:   22:
        -:   23:// --------------------------------------------------------------------
        -:   24:class CZMA_PARSE_MACRO_INS: public CZMA_PARSE {
        -:   25:public:
        -:   26:	CZMA_TEXT text;
        -:   27:	bool is_loaded = false;
        -:   28:
    #####:   29:	using CZMA_PARSE::CZMA_PARSE;
        -:   30:	bool process( CZMA_INFORMATION& info, CZMA_PARSE* p_last_line = nullptr ) override;
        -:   31:	bool write_output_and_log( CZMA_INFORMATION& info, std::ofstream* f ) override;
        -:   32:};
