        -:    0:Source:../sub/zma_parse_process_djnz.cpp
        -:    0:Programs:106
        -:    1:// --------------------------------------------------------------------
        -:    2://	Z80 Macro Assembler parse
        -:    3:// ====================================================================
        -:    4://	2019/05/04	t.hara
        -:    5:// --------------------------------------------------------------------
        -:    6:
        -:    7:#include "zma_parse.hpp"
        -:    8:#include "zma_text.hpp"
        -:    9:#include "zma_parse_process.hpp"
        -:   10:#include <string>
        -:   11:#include <cctype>
        -:   12:#include <iostream>
        -:   13:#include <fstream>
        -:   14:#include <sstream>
        -:   15:#include <algorithm>
        -:   16:
        -:   17:// --------------------------------------------------------------------
       15:   18:bool CZMA_PARSE_DJNZ::process( CZMA_INFORMATION& info, CZMA_PARSE* p_last_line ) {
        -:   19:	int relative;
        -:   20:
       15:   21:	update_flags( &info, p_last_line );
       30:   22:	if( words.size() < 2 ) {
    #####:   23:		put_error( CZMA_ERROR::get( CZMA_ERROR_CODE::ILLEGAL_OPERAND ) );
    #####:   24:		return false;
        -:   25:	}
       15:   26:	if( !this->is_data_fixed ) {
        -:   27:		this->set_code_size( &info, 2 );
       10:   28:		relative = this->relative_address( info, 1 );
       10:   29:		if( relative == -9999 ) {
        -:   30:			return false;
        -:   31:		}
        3:   32:		this->is_data_fixed = true;
        6:   33:		this->data.push_back( 0x10 );
        6:   34:		this->data.push_back( relative );
        -:   35:	}
        -:   36:	//	log
        8:   37:	if( !this->is_analyze_phase ) {
        6:   38:		log.write_line_infomation( this->line_no, this->code_address, this->file_address, get_line() );
        6:   39:		log.write_cycle_information( 14, 3, 9, 2 );
        3:   40:		log.write_dump( this->code_address, this->file_address, this->data );
        3:   41:		log.write_separator();
        -:   42:	}
        -:   43:	return check_all_fixed();
      156:   44:}
        -:   45:
