        -:    0:Source:../sub/zma_parse_process_and.hpp
        -:    0:Programs:103
        -:    1:// --------------------------------------------------------------------
        -:    2://	Z80 Macro Assembler parse
        -:    3:// ====================================================================
        -:    4://	2019/05/04	t.hara
        -:    5:// --------------------------------------------------------------------
        -:    6:
        -:    7:#pragma once
        -:    8:
        -:    9:#include "zma_parse_process.hpp"
        -:   10:
       60:   11:CLASS_CZMA_PARSE( AND );
