        -:    0:Source:../sub/zma_parse_process_binary_link.cpp
        -:    0:Programs:106
        -:    1:// --------------------------------------------------------------------
        -:    2://	Z80 Macro Assembler parse
        -:    3:// ====================================================================
        -:    4://	2019/05/04	t.hara
        -:    5:// --------------------------------------------------------------------
        -:    6:
        -:    7:#include "zma_parse.hpp"
        -:    8:#include "zma_text.hpp"
        -:    9:#include "zma_parse_process.hpp"
        -:   10:#include <string>
        -:   11:#include <cctype>
        -:   12:#include <iostream>
        -:   13:#include <fstream>
        -:   14:#include <sstream>
        -:   15:#include <algorithm>
        -:   16:
        -:   17:#include "zma_parse_process_binary_link.hpp"
        -:   18:
        -:   19:// --------------------------------------------------------------------
        3:   20:bool CZMA_PARSE_BINARY_LINK::process( CZMA_INFORMATION& info, CZMA_PARSE* p_last_line ) {
        -:   21:	int i, count;
        -:   22:	unsigned char d;
        -:   23:	CVALUE path;
        -:   24:
        3:   25:	update_flags( &info, p_last_line );
        6:   26:	if( words.size() < 2 ){
    #####:   27:		put_error( CZMA_ERROR::get( CZMA_ERROR_CODE::ILLEGAL_EXPRESSION ) );
    #####:   28:		return false;
        -:   29:	}
        3:   30:	i = this->expression( info, 1, path, false );
        3:   31:	if( i == 0 ){
    #####:   32:		put_error( CZMA_ERROR::get( CZMA_ERROR_CODE::ILLEGAL_EXPRESSION ) );
    #####:   33:		return false;
        -:   34:	}
        3:   35:	if( path.value_type != CVALUE_TYPE::CV_STRING ){
    #####:   36:		put_error( CZMA_ERROR::get( CZMA_ERROR_CODE::ILLEGAL_PARAMETER ) );
    #####:   37:		return false;
        -:   38:	}
        6:   39:	if( i < (int)words.size() ){
    #####:   40:		put_error( CZMA_ERROR::get( CZMA_ERROR_CODE::TOO_MANY_PARAMETERS ) );
    #####:   41:		return false;
        -:   42:	}
        3:   43:	if( !this->is_fixed_code_size() ) {
        2:   44:		std::ifstream file;
        1:   45:		file.open( path.s, std::ios::binary );
        1:   46:		if( !file ){
    #####:   47:			put_error( CZMA_ERROR::get( CZMA_ERROR_CODE::TOO_MANY_PARAMETERS ) );
    #####:   48:			return false;
        -:   49:		}
        1:   50:		file.seekg( 0, std::ifstream::end );
        1:   51:		count = static_cast<int>( file.tellg() );
        1:   52:		file.seekg( 0, std::ifstream::beg );
        1:   53:		this->set_code_size( &info, count );
        -:   54:
       21:   55:		for( i = 0; i < count; i++ ){
       10:   56:			file.read( (char*) &d, 1 );
       10:   57:			data.push_back( d );
        -:   58:		}
        1:   59:		this->is_data_fixed = true;
        -:   60:	}
        -:   61:	//	log
        3:   62:	if( !this->is_analyze_phase ) {
        2:   63:		log.write_line_infomation( this->line_no, this->code_address, this->file_address, get_line() );
        1:   64:		log.write_dump( this->code_address, this->file_address, this->data );
        1:   65:		log.write_separator();
        -:   66:	}
        -:   67:	return check_all_fixed();
      172:   68:}
        -:   69:
