        -:    0:Source:../zma_parse_expression.cpp
        -:    0:Programs:106
        -:    1:// --------------------------------------------------------------------
        -:    2://	Z80 Macro Assembler parse
        -:    3:// ====================================================================
        -:    4://	2019/05/04	t.hara
        -:    5:// --------------------------------------------------------------------
        -:    6:
        -:    7:#include "zma_parse.hpp"
        -:    8:#include "zma_text.hpp"
        -:    9:#include <string>
        -:   10:#include <cctype>
        -:   11:#include <iostream>
        -:   12:#include <fstream>
        -:   13:#include <algorithm>
        -:   14:
        -:   15:// --------------------------------------------------------------------
    22971:   16:bool CZMA_PARSE::operator_single( CZMA_INFORMATION& info, int &index, CVALUE& result, bool do_char_map ) {
        -:   17:	std::string s, num;
        -:   18:	bool is_success;
        -:   19:
    45942:   20:	s = get_word( index );
    45905:   21:	if( s == "$" || s == "CODE_ADDRESS" ) {
       52:   22:		index++;
       52:   23:		result.value_type = CVALUE_TYPE::CV_INTEGER;
       52:   24:		if( this->is_fixed_code_address() ) {
       48:   25:			result.i = this->get_code_address();
        -:   26:		}
        -:   27:		else {
        4:   28:			result.value_type = CVALUE_TYPE::CV_UNKNOWN_INTEGER;
        4:   29:			result.i = 0;
        -:   30:		}
        -:   31:		return true;
        -:   32:	}
    45835:   33:	if( s == "$$" || s == "FILE_ADDRESS" ) {
       28:   34:		index++;
       28:   35:		result.value_type = CVALUE_TYPE::CV_INTEGER;
       28:   36:		if( this->is_fixed_file_address() ) {
       24:   37:			result.i = this->get_file_address();
        -:   38:		}
        -:   39:		else {
        4:   40:			result.value_type = CVALUE_TYPE::CV_UNKNOWN_INTEGER;
        4:   41:			result.i = 0;
        -:   42:		}
        -:   43:		return true;
        -:   44:	}
    22891:   45:	if( s == "CHAR_SET_NAME" ){
       12:   46:		index++;
       12:   47:		result.value_type = CVALUE_TYPE::CV_STRING;
       12:   48:		result.s = info.s_char_set;
        -:   49:		return true;
        -:   50:	}
    22879:   51:	if( s[ 0 ] == '$' ){
        -:   52:		num = "";
       60:   53:		for( auto c : s ){
       84:   54:			if( isxdigit( c ) ){
       72:   55:				num = num + c;
       36:   56:				continue;
        -:   57:			}
       12:   58:			if( c == '_' || c == '$' ){
       12:   59:				continue;
        -:   60:			}
    #####:   61:			put_error( CZMA_ERROR::get( CZMA_ERROR_CODE::THE_NUMERICAL_VALUE_IS_INCORRECT ) );
        -:   62:			return false;
        -:   63:		}
       12:   64:		result.value_type = CVALUE_TYPE::CV_INTEGER;
        -:   65:		try{
       12:   66:			result.i = (int)std::stoll( num, nullptr, 16 );
        -:   67:		}
    =====:   68:		catch( ... ){
    =====:   69:			put_error( CZMA_ERROR::get( CZMA_ERROR_CODE::THE_NUMERICAL_VALUE_IS_INCORRECT ) );
    =====:   70:			result.i = 0;
        -:   71:		}
        -:   72:		return true;
        -:   73:	}
    22867:   74:	if( s == "+" ) {
      814:   75:		index++;
      814:   76:		is_success = operator_single( info, index, result, do_char_map );
     1628:   77:		if( !result.is_integer() ) {
       75:   78:			put_error( CZMA_ERROR::get( CZMA_ERROR_CODE::ILLEGAL_EXPRESSION ) );
       15:   79:			return false;
        -:   80:		}
        -:   81:		return is_success;
        -:   82:	}
    22053:   83:	if( s == "-" ) {
       53:   84:		index++;
       53:   85:		is_success = operator_single( info, index, result, do_char_map );
      106:   86:		if( !result.is_integer() ) {
       55:   87:			put_error( CZMA_ERROR::get( CZMA_ERROR_CODE::ILLEGAL_EXPRESSION ) );
       11:   88:			return false;
        -:   89:		}
       42:   90:		result.i = -result.i;
       42:   91:		return is_success;
        -:   92:	}
    22000:   93:	if( s == "(" ) {
       78:   94:		index++;
       78:   95:		is_success = operator_logical_or( info, index, result, do_char_map );
       78:   96:		if( !is_success ) {
       15:   97:			put_error( CZMA_ERROR::get( CZMA_ERROR_CODE::ILLEGAL_EXPRESSION ) );
        3:   98:			return false;
        -:   99:		}
      150:  100:		s = get_word( index );
       75:  101:		if( s != ")" ) {
       15:  102:			put_error( CZMA_ERROR::get( CZMA_ERROR_CODE::ILLEGAL_EXPRESSION ) );
        3:  103:			return false;
        -:  104:		}
       72:  105:		index++;
       72:  106:		return true;
        -:  107:	}
    21922:  108:	if( s == "!" ) {
       11:  109:		index++;
       11:  110:		is_success = operator_single( info, index, result, do_char_map );
       22:  111:		if( !result.is_integer() ) {
       20:  112:			put_error( CZMA_ERROR::get( CZMA_ERROR_CODE::ILLEGAL_EXPRESSION ) );
        4:  113:			return false;
        -:  114:		}
        7:  115:		result.i = (int) !((bool)result.i);
        7:  116:		return is_success;
        -:  117:	}
    21911:  118:	if( s == "~" ) {
        6:  119:		index++;
        6:  120:		is_success = operator_single( info, index, result, do_char_map );
       12:  121:		if( !result.is_integer() ) {
       15:  122:			put_error( CZMA_ERROR::get( CZMA_ERROR_CODE::ILLEGAL_EXPRESSION ) );
        3:  123:			return false;
        -:  124:		}
        3:  125:		result.i = ~result.i;
        3:  126:		return is_success;
        -:  127:	}
    21905:  128:	if( s[0] == '0' ) {
        -:  129:		//	0 で始まる数字
    18092:  130:		index++;
    18092:  131:		if( s[1] == '\0' ) {
        -:  132:			//	単純な 0
     5706:  133:			result.value_type = CVALUE_TYPE::CV_INTEGER;
     5706:  134:			result.i = 0;
     5706:  135:			return true;
        -:  136:		}
        -:  137:		num = "";
    24772:  138:		if( s[s.size() - 1] == 'H' ){
        -:  139:			//	0???H な 16進数
       86:  140:			for( auto c : s ){
      124:  141:				if( isxdigit( c ) ){
      108:  142:					num = num + c;
       54:  143:					continue;
        -:  144:				}
       16:  145:				if( c == '_' || c == 'H' ) {
       16:  146:					continue;
        -:  147:				}
    #####:  148:				put_error( CZMA_ERROR::get( CZMA_ERROR_CODE::THE_NUMERICAL_VALUE_IS_INCORRECT ) );
        -:  149:				return false;
        -:  150:			}
       16:  151:			result.value_type = CVALUE_TYPE::CV_INTEGER;
        -:  152:			try{
       16:  153:				result.i = (int)std::stoll( num, nullptr, 16 );
        -:  154:			}
    =====:  155:			catch( ... ){
    =====:  156:				put_error( CZMA_ERROR::get( CZMA_ERROR_CODE::THE_NUMERICAL_VALUE_IS_INCORRECT ) );
    =====:  157:				result.i = 0;
        -:  158:			}
        -:  159:			return true;
        -:  160:		}
    12370:  161:		if( s[ 1 ] == 'X' ){
        -:  162:			//	0x??? な 16進数
    50084:  163:			for( auto c : s.substr( 2 ) ) {
    50760:  164:				if( isxdigit( c ) ) {
    50754:  165:					num = num + c;
    25377:  166:					continue;
        -:  167:				}
        6:  168:				if( c == '_' ) {
        3:  169:					continue;
        -:  170:				}
       15:  171:				put_error( CZMA_ERROR::get( CZMA_ERROR_CODE::THE_NUMERICAL_VALUE_IS_INCORRECT ) );
        -:  172:				return false;
        -:  173:			}
    12349:  174:			result.value_type = CVALUE_TYPE::CV_INTEGER;
        -:  175:			try{
    12349:  176:				result.i = (int)std::stoll( num, nullptr, 16 );
        -:  177:			}
    =====:  178:			catch(...) {
    =====:  179:				put_error( CZMA_ERROR::get( CZMA_ERROR_CODE::THE_NUMERICAL_VALUE_IS_INCORRECT ) );
    =====:  180:				result.i = 0;
        -:  181:			}
        -:  182:			return true;
        -:  183:		}
       18:  184:		if( s[1] == 'B' ) {
        -:  185:			//	0b???? な 2進数
      126:  186:			for( auto c : s.substr( 2 ) ) {
      210:  187:				if( c == '0' || c == '1' ) {
      198:  188:					num = num + c;
       99:  189:					continue;
        -:  190:				}
       12:  191:				if( c == '_' ) {
        9:  192:					continue;
        -:  193:				}
       15:  194:				put_error( CZMA_ERROR::get( CZMA_ERROR_CODE::THE_NUMERICAL_VALUE_IS_INCORRECT ) );
        -:  195:				return false;
        -:  196:			}
        6:  197:			result.value_type = CVALUE_TYPE::CV_INTEGER;
        -:  198:			try {
        6:  199:				result.i = (int)std::stoll( num, nullptr, 2 );
        -:  200:			}
    =====:  201:			catch( ... ){
    =====:  202:				put_error( CZMA_ERROR::get( CZMA_ERROR_CODE::THE_NUMERICAL_VALUE_IS_INCORRECT ) );
    =====:  203:				result.i = 0;
        -:  204:			}
        -:  205:			return true;
        -:  206:		}
       66:  207:		for( auto c : s.substr( 1 ) ) {
        -:  208:			//	0??? な 8進数
       96:  209:			if( c >= '0' && c <= '7' ) {
       90:  210:				num = num + c;
       45:  211:				continue;
        -:  212:			}
        6:  213:			if( c == '_' ) {
        3:  214:				continue;
        -:  215:			}
       15:  216:			put_error( CZMA_ERROR::get( CZMA_ERROR_CODE::THE_NUMERICAL_VALUE_IS_INCORRECT ) );
        -:  217:			return false;
        -:  218:		}
        6:  219:		result.value_type = CVALUE_TYPE::CV_INTEGER;
        -:  220:		try {
        6:  221:			result.i = (int)std::stoll( num, nullptr, 8 );
        -:  222:		}
    =====:  223:		catch( ... ){
    =====:  224:			put_error( CZMA_ERROR::get( CZMA_ERROR_CODE::THE_NUMERICAL_VALUE_IS_INCORRECT ) );
    =====:  225:			result.i = 0;
        -:  226:		}
        -:  227:		return true;
        -:  228:	}
     3813:  229:	if( s[ 0 ] == '\'' ){
       43:  230:		index++;
        -:  231:		unsigned char c;
        -:  232:		//	文字
       43:  233:		c = (unsigned char) s[ 1 ];
       43:  234:		if( do_char_map && info.p_char_set != nullptr ) {
        -:  235:			//	キャラセット変換
       72:  236:			c = info.p_char_set->ascii_to_map[ c ];
        -:  237:		}
       43:  238:		result.value_type = CVALUE_TYPE::CV_INTEGER;
       43:  239:		result.i = (int) c;
       43:  240:		return true;
        -:  241:	}
     3770:  242:	if( isdigit( s[0] ) ) {
        -:  243:		//	数字
        -:  244:		num = "";
     4764:  245:		if( s[ s.size() - 1 ] == 'H' ){
       92:  246:			for( auto c : s ){
      124:  247:				if( isxdigit( c ) ){
      104:  248:					num = num + c;
       52:  249:					continue;
        -:  250:				}
       20:  251:				if( c == '_' || c == 'H' ){
       20:  252:					continue;
        -:  253:				}
    #####:  254:				put_error( CZMA_ERROR::get( CZMA_ERROR_CODE::THE_NUMERICAL_VALUE_IS_INCORRECT ) );
        -:  255:				return false;
        -:  256:			}
       20:  257:			result.value_type = CVALUE_TYPE::CV_INTEGER;
        -:  258:			try{
       20:  259:				result.i = (int)std::stoll( num, nullptr, 16 );
        -:  260:			}
    =====:  261:			catch( ... ){
    =====:  262:				put_error( CZMA_ERROR::get( CZMA_ERROR_CODE::THE_NUMERICAL_VALUE_IS_INCORRECT ) );
    =====:  263:				result.i = 0;
        -:  264:			}
        -:  265:			return true;
        -:  266:		}
     2362:  267:		index++;
     5359:  268:		for( auto c : s ) {
     5994:  269:			if( isdigit( c ) ) {
     5988:  270:				num = num + c;
     2994:  271:				continue;
        -:  272:			}
        9:  273:			if( c == '_' ) {
        3:  274:				continue;
        -:  275:			}
       15:  276:			put_error( CZMA_ERROR::get( CZMA_ERROR_CODE::THE_NUMERICAL_VALUE_IS_INCORRECT ) );
        -:  277:			return false;
        -:  278:		}
     2359:  279:		result.value_type = CVALUE_TYPE::CV_INTEGER;
        -:  280:		try {
     2359:  281:			result.i = (int)std::stoll( num, nullptr );
        -:  282:		}
    =====:  283:		catch( ... ){
    =====:  284:			put_error( CZMA_ERROR::get( CZMA_ERROR_CODE::THE_NUMERICAL_VALUE_IS_INCORRECT ) );
    =====:  285:			result.i = 0;
        -:  286:		}
        -:  287:		return true;
        -:  288:	}
        -:  289:	//	string
     1388:  290:	if( s[0] == '\"' ) {
        -:  291:		std::string ss;
      545:  292:		index++;
      545:  293:		result.value_type = CVALUE_TYPE::CV_STRING;
     1090:  294:		ss = s.substr( 1 );
      545:  295:		if( do_char_map && info.p_char_set != nullptr ){
       72:  296:			for( auto &c : ss ){
      126:  297:				c = info.p_char_set->ascii_to_map[ c ];
        -:  298:			}
        -:  299:		}
      545:  300:		result.s = ss;
        -:  301:		return true;
        -:  302:	}
        -:  303:	//	不正な記号
        -:  304:	//	label
      843:  305:	if( isalpha( s[0] ) || s[0] == '_' ) {
     1370:  306:		if( info.get_label_value( result, s ) ) {
      378:  307:			index++;
      378:  308:			return true;
        -:  309:		}
        -:  310:	}
        -:  311:	return false;
        -:  312:}
        -:  313:
        -:  314:// --------------------------------------------------------------------
    22021:  315:bool CZMA_PARSE::operator_mul_div( CZMA_INFORMATION& info, int& index, CVALUE& result, bool do_char_map ) {
        -:  316:	std::string s;
        -:  317:	bool is_success;
        -:  318:	CVALUE term;
        -:  319:	int i;
        -:  320:
    44042:  321:	s = get_word( index );
    22021:  322:	is_success = operator_single( info, index, result, do_char_map );
    22021:  323:	if( !is_success ) {
        -:  324:		return false;
        -:  325:	}
        -:  326:	for( ;;) {
    43166:  327:		s = get_word( index );
    21583:  328:		if( s == "*" ) {
       30:  329:			index++;
       30:  330:			is_success = operator_single( info, index, term, do_char_map );
       30:  331:			if( !is_success ) {
        -:  332:				return false;
        -:  333:			}
       75:  334:			if( result.is_integer() && term.is_integer() ) {
        6:  335:				result.i = result.i * term.i;
        -:  336:				result.inherit( CVALUE_TYPE::CV_INTEGER, result.value_type, term.value_type );
        6:  337:				continue;
        -:  338:			}
       42:  339:			else if( result.is_string() && term.is_integer() ) {
        -:  340:				s = "";
    98343:  341:				for( i = 0; i < term.i; i++ ) {
    98334:  342:					s = s + result.s;
        -:  343:				}
        9:  344:				result.inherit( CVALUE_TYPE::CV_STRING, result.value_type, term.value_type );
        9:  345:				result.s = s;
        9:  346:				continue;
        -:  347:			}
       39:  348:			else if( result.is_integer() && term.is_string() ) {
        -:  349:				s = "";
      171:  350:				for( i = 0; i < result.i; i++ ) {
      162:  351:					s = s + term.s;
        -:  352:				}
        9:  353:				result.inherit( CVALUE_TYPE::CV_STRING, result.value_type, term.value_type );
        9:  354:				result.s = s;
        9:  355:				continue;
        -:  356:			}
       18:  357:			put_error( CZMA_ERROR::get( CZMA_ERROR_CODE::ILLEGAL_EXPRESSION ) );
        3:  358:			return false;
        -:  359:		}
    21556:  360:		if( s == "/" ) {
       15:  361:			index++;
       15:  362:			is_success = operator_single( info, index, term, do_char_map );
       15:  363:			if( !is_success ) {
        -:  364:				return false;
        -:  365:			}
       33:  366:			if( !result.is_integer() || !term.is_integer() ) {
       30:  367:				put_error( CZMA_ERROR::get( CZMA_ERROR_CODE::ILLEGAL_EXPRESSION ) );
        6:  368:				return false;
        -:  369:			}
        6:  370:			if( term.i == 0 ) {
       15:  371:				put_error( CZMA_ERROR::get( CZMA_ERROR_CODE::DIVIDED_BY_ZERO ) );
        3:  372:				return false;
        -:  373:			}
        -:  374:			else {
        -:  375:				result.inherit( CVALUE_TYPE::CV_INTEGER, result.value_type, term.value_type );
        3:  376:				result.i = result.i / term.i;
        -:  377:			}
        3:  378:			continue;
        -:  379:		}
    21547:  380:		if( s == "%" ) {
       21:  381:			index++;
       21:  382:			is_success = operator_single( info, index, term, do_char_map );
       21:  383:			if( !is_success ) {
        -:  384:				return false;
        -:  385:			}
       51:  386:			if( !result.is_integer() || !term.is_integer() ) {
       30:  387:				put_error( CZMA_ERROR::get( CZMA_ERROR_CODE::ILLEGAL_EXPRESSION ) );
        6:  388:				return false;
        -:  389:			}
       12:  390:			if( term.i == 0 ) {
       15:  391:				put_error( CZMA_ERROR::get( CZMA_ERROR_CODE::DIVIDED_BY_ZERO ) );
        3:  392:				return false;
        -:  393:			}
        -:  394:			else {
        -:  395:				result.inherit( CVALUE_TYPE::CV_INTEGER, result.value_type, term.value_type );
        9:  396:				result.i = result.i % term.i;
        -:  397:			}
        9:  398:			continue;
        -:  399:		}
        -:  400:		break;
        -:  401:	}
        -:  402:	return true;
        -:  403:}
        -:  404:
        -:  405:// --------------------------------------------------------------------
    21779:  406:bool CZMA_PARSE::operator_add_sub( CZMA_INFORMATION& info, int& index, CVALUE& result, bool do_char_map ) {
        -:  407:	std::string s;
        -:  408:	bool is_success;
        -:  409:	CVALUE term;
        -:  410:
    43558:  411:	s = get_word( index );
    21779:  412:	is_success = operator_mul_div( info, index, result, do_char_map );
    21779:  413:	if( !is_success ) {
        -:  414:		return false;
        -:  415:	}
        -:  416:	for( ;;) {
    43022:  417:		s = get_word( index );
    21511:  418:		if( s == "+" ) {
      220:  419:			index++;
      220:  420:			is_success = operator_mul_div( info, index, term, do_char_map );
      220:  421:			if( !is_success ) {
        -:  422:				return false;
        -:  423:			}
      447:  424:			if( result.is_integer() && term.is_integer() ) {
        -:  425:				result.inherit( CVALUE_TYPE::CV_INTEGER, result.value_type, term.value_type );
       51:  426:				result.i = result.i + term.i;
        -:  427:			}
      270:  428:			else if( result.is_string() && term.is_integer() ) {
        -:  429:				result.inherit( CVALUE_TYPE::CV_STRING, result.value_type, term.value_type );
      252:  430:				result.s = result.s + std::to_string(term.i);
        -:  431:			}
      102:  432:			else if( result.is_integer() && term.is_string() ) {
        -:  433:				result.inherit( CVALUE_TYPE::CV_STRING, result.value_type, term.value_type );
       48:  434:				result.s = std::to_string(result.i) + term.s;
        -:  435:			}
        -:  436:			else{
        -:  437:			//	result.is_string() && term.is_string()
       66:  438:				result.inherit( CVALUE_TYPE::CV_STRING, result.value_type, term.value_type );
      198:  439:				result.s = result.s + term.s;
        -:  440:			}
        -:  441:		}
    21291:  442:		else if( s == "-" ) {
       22:  443:			index++;
       22:  444:			is_success = operator_mul_div( info, index, term, do_char_map );
       22:  445:			if( !is_success ) {
        -:  446:				return false;
        -:  447:			}
       54:  448:			if( !result.is_integer() || !term.is_integer() ) {
       30:  449:				put_error( CZMA_ERROR::get( CZMA_ERROR_CODE::ILLEGAL_EXPRESSION ) );
        6:  450:				return false;
        -:  451:			}
        -:  452:			result.inherit( CVALUE_TYPE::CV_INTEGER, result.value_type, term.value_type );
       13:  453:			result.i = result.i - term.i;
        -:  454:		}
        -:  455:		else {
        -:  456:			break;
        -:  457:		}
        -:  458:	}
        -:  459:	return true;
        -:  460:}
        -:  461:
        -:  462:// --------------------------------------------------------------------
    21728:  463:bool CZMA_PARSE::operator_shift( CZMA_INFORMATION& info, int& index, CVALUE& result, bool do_char_map ) {
        -:  464:	std::string s;
        -:  465:	bool is_success;
        -:  466:	CVALUE term;
        -:  467:
    43456:  468:	s = get_word( index );
    21728:  469:	is_success = operator_add_sub( info, index, result, do_char_map );
    21728:  470:	if( !is_success ) {
        -:  471:		return false;
        -:  472:	}
    42448:  473:	if( !result.is_integer() ) {
        -:  474:		return true;
        -:  475:	}
        -:  476:	for( ;;) {
    41566:  477:		s = get_word( index );
    20819:  478:		if( s == "<<" ) {
       42:  479:			index++;
       42:  480:			is_success = operator_add_sub( info, index, term, do_char_map );
       42:  481:			if( !is_success ) {
        -:  482:				return false;
        -:  483:			}
       78:  484:			if( !term.is_integer() ) {
       15:  485:				put_error( CZMA_ERROR::get( CZMA_ERROR_CODE::ILLEGAL_EXPRESSION ) );
        3:  486:				return false;
        -:  487:			}
       36:  488:			result.inherit( CVALUE_TYPE::CV_INTEGER, result.value_type, term.value_type );
       36:  489:			result.i = result.i << term.i;
       36:  490:			continue;
        -:  491:		}
    20744:  492:		if( s == ">>" ) {
        9:  493:			index++;
        9:  494:			is_success = operator_add_sub( info, index, term, do_char_map );
        9:  495:			if( !is_success ) {
        -:  496:				return false;
        -:  497:			}
       12:  498:			if( !term.is_integer() ) {
       15:  499:				put_error( CZMA_ERROR::get( CZMA_ERROR_CODE::ILLEGAL_EXPRESSION ) );
        3:  500:				return false;
        -:  501:			}
        3:  502:			result.inherit( CVALUE_TYPE::CV_INTEGER, result.value_type, term.value_type );
        3:  503:			result.i = result.i >> term.i;
        3:  504:			continue;
        -:  505:		}
        -:  506:		break;
        -:  507:	}
        -:  508:	return true;
        -:  509:}
        -:  510:
        -:  511:// --------------------------------------------------------------------
    21670:  512:bool CZMA_PARSE::operator_compare( CZMA_INFORMATION& info, int& index, CVALUE& result, bool do_char_map ) {
        -:  513:	std::string s;
        -:  514:	bool is_success;
        -:  515:	CVALUE term;
        -:  516:
    43340:  517:	s = get_word( index );
    21670:  518:	is_success = operator_shift( info, index, result, do_char_map );
    21670:  519:	if( !is_success ) {
        -:  520:		return false;
        -:  521:	}
    42332:  522:	if( !result.is_integer() ) {
        -:  523:		return true;
        -:  524:	}
        -:  525:	for( ;;) {
    41464:  526:		s = get_word( index );
    20740:  527:		if( s == "<" ) {
       14:  528:			index++;
       14:  529:			is_success = operator_shift( info, index, term, do_char_map );
       14:  530:			if( !is_success ) {
        -:  531:				return false;
        -:  532:			}
       22:  533:			if( !term.is_integer() ) {
       15:  534:				put_error( CZMA_ERROR::get( CZMA_ERROR_CODE::ILLEGAL_EXPRESSION ) );
        3:  535:				return false;
        -:  536:			}
        8:  537:			result.inherit( CVALUE_TYPE::CV_INTEGER, result.value_type, term.value_type );
        8:  538:			result.i = result.i < term.i;
        8:  539:			continue;
        -:  540:		}
    20724:  541:		if( s == ">" ) {
       12:  542:			index++;
       12:  543:			is_success = operator_shift( info, index, term, do_char_map );
       12:  544:			if( !is_success ) {
        -:  545:				return false;
        -:  546:			}
       18:  547:			if( !term.is_integer() ) {
       15:  548:				put_error( CZMA_ERROR::get( CZMA_ERROR_CODE::ILLEGAL_EXPRESSION ) );
        3:  549:				return false;
        -:  550:			}
        6:  551:			result.inherit( CVALUE_TYPE::CV_INTEGER, result.value_type, term.value_type );
        6:  552:			result.i = result.i > term.i;
        6:  553:			continue;
        -:  554:		}
    20715:  555:		if( s == "<=" ) {
       15:  556:			index++;
       15:  557:			is_success = operator_shift( info, index, term, do_char_map );
       15:  558:			if( !is_success ) {
        -:  559:				return false;
        -:  560:			}
       24:  561:			if( !term.is_integer() ) {
       15:  562:				put_error( CZMA_ERROR::get( CZMA_ERROR_CODE::ILLEGAL_EXPRESSION ) );
        3:  563:				return false;
        -:  564:			}
        9:  565:			result.inherit( CVALUE_TYPE::CV_INTEGER, result.value_type, term.value_type );
        9:  566:			result.i = result.i <= term.i;
        9:  567:			continue;
        -:  568:		}
    20702:  569:		if( s == ">=" ) {
       17:  570:			index++;
       17:  571:			is_success = operator_shift( info, index, term, do_char_map );
       17:  572:			if( !is_success ) {
        -:  573:				return false;
        -:  574:			}
       28:  575:			if( !term.is_integer() ) {
       15:  576:				put_error( CZMA_ERROR::get( CZMA_ERROR_CODE::ILLEGAL_EXPRESSION ) );
        3:  577:				return false;
        -:  578:			}
       11:  579:			result.inherit( CVALUE_TYPE::CV_INTEGER, result.value_type, term.value_type );
       11:  580:			result.i = result.i >= term.i;
       11:  581:			continue;
        -:  582:		}
        -:  583:		break;
        -:  584:	}
        -:  585:	return true;
        -:  586:}
        -:  587:
        -:  588:// --------------------------------------------------------------------
    21616:  589:bool CZMA_PARSE::operator_equal( CZMA_INFORMATION& info, int& index, CVALUE& result, bool do_char_map ) {
        -:  590:	std::string s;
        -:  591:	bool is_success;
        -:  592:	CVALUE term;
        -:  593:
    43232:  594:	s = get_word( index );
    21616:  595:	is_success = operator_compare( info, index, result, do_char_map );
    21616:  596:	if( !is_success ) {
        -:  597:		return false;
        -:  598:	}
        -:  599:	for( ;;) {
    42284:  600:		s = get_word( index );
    21145:  601:		if( s == "==" ) {
       36:  602:			index++;
       36:  603:			is_success = operator_compare( info, index, term, do_char_map );
       36:  604:			if( !is_success ) {
        -:  605:				return false;
        -:  606:			}
      101:  607:			if( result.is_string() && term.is_string() ) {
        -:  608:				result.inherit( CVALUE_TYPE::CV_INTEGER, result.value_type, term.value_type );
       16:  609:				result.i = result.s == term.s;
       16:  610:				continue;
        -:  611:			}
       59:  612:			if( result.is_integer() && term.is_integer() ) {
        -:  613:				result.inherit( CVALUE_TYPE::CV_INTEGER, result.value_type, term.value_type );
       14:  614:				result.i = result.i == term.i;
       14:  615:				continue;
        -:  616:			}
        3:  617:			result.inherit( CVALUE_TYPE::CV_INTEGER, result.value_type, term.value_type );
        3:  618:			result.i = false;
        3:  619:			continue;
        -:  620:		}
    21109:  621:		if( s == "!=" ) {
       18:  622:			index++;
       18:  623:			is_success = operator_compare( info, index, term, do_char_map );
       18:  624:			if( !is_success ) {
        -:  625:				return false;
        -:  626:			}
       45:  627:			if( result.is_string() && term.is_string() ) {
        6:  628:				result.value_type = CVALUE_TYPE::CV_INTEGER;
        6:  629:				result.i = result.s != term.s;
        6:  630:				continue;
        -:  631:			}
       27:  632:			if( result.is_integer() && term.is_integer() ) {
        6:  633:				result.i = result.i != term.i;
        6:  634:				continue;
        -:  635:			}
        3:  636:			result.inherit( CVALUE_TYPE::CV_INTEGER, result.value_type, term.value_type );
        3:  637:			result.i = true;
        3:  638:			continue;
        -:  639:		}
        -:  640:		break;
        -:  641:	}
        -:  642:	return true;
        -:  643:}
        -:  644:
        -:  645:// --------------------------------------------------------------------
    21604:  646:bool CZMA_PARSE::operator_bit_and( CZMA_INFORMATION& info, int& index, CVALUE& result, bool do_char_map ) {
        -:  647:	std::string s;
        -:  648:	bool is_success;
        -:  649:	CVALUE term;
        -:  650:
    43208:  651:	s = get_word( index );
    21604:  652:	is_success = operator_equal( info, index, result, do_char_map );
    21604:  653:	if( !is_success ) {
        -:  654:		return false;
        -:  655:	}
    42158:  656:	if( !result.is_integer() ) {
        -:  657:		return true;
        -:  658:	}
        -:  659:	for( ;;) {
    41346:  660:		s = get_word( index );
    20676:  661:		if( s == "&" ) {
       12:  662:			index++;
       12:  663:			is_success = operator_equal( info, index, term, do_char_map );
       12:  664:			if( !is_success ) {
        -:  665:				return false;
        -:  666:			}
       18:  667:			if( !term.is_integer() ) {
       15:  668:				put_error( CZMA_ERROR::get( CZMA_ERROR_CODE::ILLEGAL_EXPRESSION ) );
        3:  669:				return false;
        -:  670:			}
        6:  671:			result.inherit( result.value_type, result.value_type, term.value_type );
        6:  672:			result.i = result.i & term.i;
        -:  673:			continue;
        -:  674:		}
        -:  675:		break;
        -:  676:	}
        -:  677:	return true;
        -:  678:}
        -:  679:
        -:  680:// --------------------------------------------------------------------
    21592:  681:bool CZMA_PARSE::operator_bit_xor( CZMA_INFORMATION& info, int& index, CVALUE& result, bool do_char_map ) {
        -:  682:	std::string s;
        -:  683:	bool is_success;
        -:  684:	CVALUE term;
        -:  685:
    43184:  686:	s = get_word( index );
    21592:  687:	is_success = operator_bit_and( info, index, result, do_char_map );
    21592:  688:	if( !is_success ) {
        -:  689:		return false;
        -:  690:	}
    42128:  691:	if( !result.is_integer() ) {
        -:  692:		return true;
        -:  693:	}
        -:  694:	for( ;;) {
    41322:  695:		s = get_word( index );
    20664:  696:		if( s == "^" ) {
       12:  697:			index++;
       12:  698:			is_success = operator_bit_and( info, index, term, do_char_map );
       12:  699:			if( !is_success ) {
        -:  700:				return false;
        -:  701:			}
       18:  702:			if( !term.is_integer() ) {
       15:  703:				put_error( CZMA_ERROR::get( CZMA_ERROR_CODE::ILLEGAL_EXPRESSION ) );
        3:  704:				return false;
        -:  705:			}
        6:  706:			result.inherit( result.value_type, result.value_type, term.value_type );
        6:  707:			result.i = result.i ^ term.i;
        -:  708:			continue;
        -:  709:		}
        -:  710:		break;
        -:  711:	}
        -:  712:	return true;
        -:  713:}
        -:  714:
        -:  715:// --------------------------------------------------------------------
    21547:  716:bool CZMA_PARSE::operator_bit_or( CZMA_INFORMATION& info, int& index, CVALUE& result, bool do_char_map ) {
        -:  717:	std::string s;
        -:  718:	bool is_success;
        -:  719:	CVALUE term;
        -:  720:
    43094:  721:	s = get_word( index );
    21547:  722:	is_success = operator_bit_xor( info, index, result, do_char_map );
    21547:  723:	if( !is_success ) {
        -:  724:		return false;
        -:  725:	}
    42032:  726:	if( !result.is_integer() ) {
        -:  727:		return true;
        -:  728:	}
        -:  729:	for( ;;) {
    41331:  730:		s = get_word( index );
    20685:  731:		if( s == "|" ) {
       45:  732:			index++;
       45:  733:			is_success = operator_bit_xor( info, index, term, do_char_map );
       45:  734:			if( !is_success ) {
        -:  735:				return false;
        -:  736:			}
       84:  737:			if( !term.is_integer() ) {
       15:  738:				put_error( CZMA_ERROR::get( CZMA_ERROR_CODE::ILLEGAL_EXPRESSION ) );
        3:  739:				return false;
        -:  740:			}
       39:  741:			result.inherit( result.value_type, result.value_type, term.value_type );
       39:  742:			result.i = result.i | term.i;
        -:  743:			continue;
        -:  744:		}
        -:  745:		break;
        -:  746:	}
        -:  747:	return true;
        -:  748:}
        -:  749:
        -:  750:// --------------------------------------------------------------------
    21529:  751:bool CZMA_PARSE::operator_logical_and( CZMA_INFORMATION& info, int& index, CVALUE& result, bool do_char_map ) {
        -:  752:	std::string s;
        -:  753:	bool is_success;
        -:  754:	CVALUE term;
        -:  755:
    43058:  756:	s = get_word( index );
    21529:  757:	is_success = operator_bit_or( info, index, result, do_char_map );
    21529:  758:	if( !is_success ) {
        -:  759:		return false;
        -:  760:	}
    41990:  761:	if( !result.is_integer() ) {
        -:  762:		return true;
        -:  763:	}
        -:  764:	for( ;;) {
    41214:  765:		s = get_word( index );
    20613:  766:		if( s == "&&" ) {
       18:  767:			index++;
       18:  768:			is_success = operator_bit_or( info, index, term, do_char_map );
       18:  769:			if( !is_success ) {
        -:  770:				return false;
        -:  771:			}
       30:  772:			if( !term.is_integer() ) {
       15:  773:				put_error( CZMA_ERROR::get( CZMA_ERROR_CODE::ILLEGAL_EXPRESSION ) );
        3:  774:				return false;
        -:  775:			}
       12:  776:			result.inherit( result.value_type, result.value_type, term.value_type );
       12:  777:			result.i = (int)( (bool)result.i && (bool)term.i );
        -:  778:			continue;
        -:  779:		}
        -:  780:		break;
        -:  781:	}
        -:  782:	return true;
        -:  783:}
        -:  784:
        -:  785:// --------------------------------------------------------------------
    21511:  786:bool CZMA_PARSE::operator_logical_or( CZMA_INFORMATION& info, int& index, CVALUE& result, bool do_char_map ) {
        -:  787:	std::string s;
        -:  788:	bool is_success;
        -:  789:	CVALUE term;
        -:  790:
    43022:  791:	s = get_word(index);
    21511:  792:	is_success = operator_logical_and( info, index, result, do_char_map );
    21511:  793:	if( !is_success ) {
        -:  794:		return false;
        -:  795:	}
    41948:  796:	if( !result.is_integer() ) {
        -:  797:		return true;
        -:  798:	}
        -:  799:	for( ;;) {
    41178:  800:		s = get_word( index );
    20595:  801:		if( s == "||" ) {
       18:  802:			index++;
       18:  803:			is_success = operator_logical_and( info, index, term, do_char_map );
       18:  804:			if( !is_success ) {
        -:  805:				return false;
        -:  806:			}
       30:  807:			if( !term.is_integer() ) {
       15:  808:				put_error( CZMA_ERROR::get( CZMA_ERROR_CODE::ILLEGAL_EXPRESSION ) );
        3:  809:				return false;
        -:  810:			}
       12:  811:			result.inherit( result.value_type, result.value_type, term.value_type );
       12:  812:			result.i = (int)( (bool)result.i || (bool)term.i );
        -:  813:			continue;
        -:  814:		}
        -:  815:		break;
        -:  816:	}
        -:  817:	return true;
        -:  818:}
        -:  819:
        -:  820:// --------------------------------------------------------------------
    21433:  821:int CZMA_PARSE::expression( CZMA_INFORMATION& info, int index, CVALUE& result, bool do_char_map ) {
    21433:  822:	bool is_success = operator_logical_or( info, index, result, do_char_map );
    21433:  823:	if( is_success ) {
    20893:  824:		return index;
        -:  825:	}
        -:  826:	return 0;
      170:  827:}
