        -:    0:Source:../sub/zma_parse_process_in.cpp
        -:    0:Programs:104
        -:    1:// --------------------------------------------------------------------
        -:    2://	Z80 Macro Assembler parse
        -:    3:// ====================================================================
        -:    4://	2019/05/04	t.hara
        -:    5:// --------------------------------------------------------------------
        -:    6:
        -:    7:#include "zma_parse.hpp"
        -:    8:#include "zma_text.hpp"
        -:    9:#include "zma_parse_process.hpp"
        -:   10:#include <string>
        -:   11:#include <cctype>
        -:   12:#include <iostream>
        -:   13:#include <fstream>
        -:   14:#include <sstream>
        -:   15:#include <algorithm>
        -:   16:
        -:   17:// --------------------------------------------------------------------
       24:   18:bool CZMA_PARSE_IN::process( CZMA_INFORMATION& info, CZMA_PARSE* p_last_line ) {
        -:   19:
       24:   20:	update_flags( &info, p_last_line );
       24:   21:	if( opecode_destination8_c( info, 0xDB, 0xED, 0x40 ) ) {
        -:   22:		//	log
       24:   23:		if( !this->is_analyze_phase ) {
       16:   24:			log.write_line_infomation( this->line_no, this->code_address, this->file_address, get_line() );
        8:   25:			if( data[0] == 0xDB ) {
        2:   26:				log.write_cycle_information( 12, 10, -1, 9 );	//	IN A, [n]
        -:   27:			}
        -:   28:			else {
       14:   29:				log.write_cycle_information( 14, 10, -1, 9 );	//	IN A, [C]
        -:   30:			}
        8:   31:			log.write_dump( this->code_address, this->file_address, this->data );
        8:   32:			log.write_separator();
        -:   33:		}
        -:   34:		return check_all_fixed();
        -:   35:	}
    #####:   36:	put_error( CZMA_ERROR::get( CZMA_ERROR_CODE::ILLEGAL_OPERAND ) );
    #####:   37:	return false;
       12:   38:}
        -:   39:
