        -:    0:Source:../zma_parse_expression.cpp
        -:    0:Programs:4
        -:    1:// --------------------------------------------------------------------
        -:    2://	Z80 Macro Assembler parse
        -:    3:// ====================================================================
        -:    4://	2019/05/04	t.hara
        -:    5:// --------------------------------------------------------------------
        -:    6:
        -:    7:#include "zma_parse.hpp"
        -:    8:#include "zma_text.hpp"
        -:    9:#include <string>
        -:   10:#include <cctype>
        -:   11:#include <iostream>
        -:   12:#include <fstream>
        -:   13:#include <algorithm>
        -:   14:
        -:   15:// --------------------------------------------------------------------
     8315:   16:bool CZMA_PARSE::operator_single( CZMA_INFORMATION& info, int &index, CVALUE& result ) {
    16630:   17:	std::string s, num;
        -:   18:	bool is_success;
        -:   19:
     8315:   20:	s = get_word( index );
     8315:   21:	if( s == "$" || s == "CODE_ADDRESS" ) {
       45:   22:		index++;
       45:   23:		result.type = CVALUE::CV_INTEGER;
       45:   24:		if( this->get_fixed_code_address() ) {
       34:   25:			result.i = this->get_code_address();
        -:   26:		}
        -:   27:		else {
       11:   28:			result.type = CVALUE::CV_UNKNOWN;
       11:   29:			result.i = 0;
        -:   30:		}
       45:   31:		return true;
        -:   32:	}
     8270:   33:	if( s == "FILE_ADDRESS" ) {
       29:   34:		index++;
       29:   35:		result.type = CVALUE::CV_INTEGER;
       29:   36:		if( this->get_fixed_file_address() ) {
       22:   37:			result.i = this->get_file_address();
        -:   38:		}
        -:   39:		else {
        7:   40:			result.type = CVALUE::CV_UNKNOWN;
        7:   41:			result.i = 0;
        -:   42:		}
       29:   43:		return true;
        -:   44:	}
     8241:   45:	if( s == "+" ) {
      411:   46:		index++;
      411:   47:		is_success = operator_single( info, index, result );
      411:   48:		if( result.type != CVALUE::CV_INTEGER ) {
       15:   49:			put_error( "Invalid operator '+'." );
       15:   50:			return false;
        -:   51:		}
      396:   52:		return is_success;
        -:   53:	}
     7830:   54:	if( s == "-" ) {
       24:   55:		index++;
       24:   56:		is_success = operator_single( info, index, result );
       24:   57:		if( result.type != CVALUE::CV_INTEGER ) {
        3:   58:			put_error( "Invalid operator '-'." );
        3:   59:			return false;
        -:   60:		}
       21:   61:		result.i = -result.i;
       21:   62:		return is_success;
        -:   63:	}
     7806:   64:	if( s == "(" ) {
       79:   65:		index++;
       79:   66:		is_success = operator_logical_or( info, index, result );
       79:   67:		if( !is_success ) {
        5:   68:			put_error( "Invalid expression." );
        5:   69:			return false;
        -:   70:		}
       74:   71:		s = get_word( index );
       74:   72:		if( s != ")" ) {
        3:   73:			put_error( "'(' are not closed." );
        3:   74:			return false;
        -:   75:		}
       71:   76:		index++;
       71:   77:		return true;
        -:   78:	}
     7727:   79:	if( s == "!" ) {
       13:   80:		index++;
       13:   81:		is_success = operator_single( info, index, result );
       13:   82:		if( result.type != CVALUE::CV_INTEGER ) {
        4:   83:			put_error( "Invalid operator '!'." );
        4:   84:			return false;
        -:   85:		}
        9:   86:		result.i = !result.i;
        9:   87:		return is_success;
        -:   88:	}
     7714:   89:	if( s == "~" ) {
        6:   90:		index++;
        6:   91:		is_success = operator_single( info, index, result );
        6:   92:		if( result.type != CVALUE::CV_INTEGER ) {
        3:   93:			put_error( "Invalid operator '~'." );
        3:   94:			return false;
        -:   95:		}
        3:   96:		result.i = ~result.i;
        3:   97:		return is_success;
        -:   98:	}
     7708:   99:	if( s[0] == '0' ) {
     5418:  100:		index++;
     5418:  101:		if( s[1] == '\0' ) {
     2053:  102:			result.type = CVALUE::CV_INTEGER;
     2053:  103:			result.i = 0;
     2053:  104:			return true;
        -:  105:		}
     3365:  106:		num = "";
     3365:  107:		if( s[1] == 'X' ) {
    10421:  108:			for( auto c : s.substr( 2 ) ) {
    14148:  109:				if( isxdigit( c ) ) {
     7071:  110:					num = num + c;
     7071:  111:					continue;
        -:  112:				}
        6:  113:				if( c == '_' ) {
        3:  114:					continue;
        -:  115:				}
        3:  116:				put_error( std::string( "Description of numerical value '" ) + s + "' is abnormal." );
        3:  117:				return false;
        -:  118:			}
     3344:  119:			result.type = CVALUE::CV_INTEGER;
        -:  120:			try{
     3344:  121:				result.i = (int)std::stoll( num, nullptr, 16 );
        -:  122:			}
    =====:  123:			catch(...) {
    =====:  124:				put_error( std::string( "Numerical descriptions '" ) + num + "' are unusual." );
    =====:  125:				result.i = 0;
        -:  126:			}
     3344:  127:			return true;
        -:  128:		}
       18:  129:		if( s[1] == 'B' ) {
      117:  130:			for( auto c : s.substr( 2 ) ) {
      210:  131:				if( c == '0' || c == '1' ) {
       99:  132:					num = num + c;
       99:  133:					continue;
        -:  134:				}
       12:  135:				if( c == '_' ) {
        9:  136:					continue;
        -:  137:				}
        3:  138:				put_error( std::string( "Description of numerical value '" ) + s + "' is abnormal." );
        3:  139:				return false;
        -:  140:			}
        6:  141:			result.type = CVALUE::CV_INTEGER;
        -:  142:			try {
        6:  143:				result.i = (int)std::stoll( num, nullptr, 2 );
        -:  144:			}
    =====:  145:			catch( ... ){
    =====:  146:				put_error( std::string( "Numerical descriptions '" ) + num + "' are unusual." );
    =====:  147:				result.i = 0;
        -:  148:			}
        6:  149:			return true;
        -:  150:		}
       57:  151:		for( auto c : s.substr( 1 ) ) {
       96:  152:			if( c >= '0' && c <= '7' ) {
       45:  153:				num = num + c;
       45:  154:				continue;
        -:  155:			}
        6:  156:			if( c == '_' ) {
        3:  157:				continue;
        -:  158:			}
        3:  159:			put_error( std::string( "Description of numerical value '" ) + s + "' is abnormal." );
        3:  160:			return false;
        -:  161:		}
        6:  162:		result.type = CVALUE::CV_INTEGER;
        -:  163:		try {
        6:  164:			result.i = (int)std::stoll( num, nullptr, 8 );
        -:  165:		}
    =====:  166:		catch( ... ){
    =====:  167:			put_error( std::string( "Numerical descriptions '" ) + num + "' are unusual." );
    =====:  168:			result.i = 0;
        -:  169:		}
        6:  170:		return true;
        -:  171:	}
     2290:  172:	if( isdigit( s[0] ) ) {
     1382:  173:		num = "";
     1382:  174:		index++;
     3224:  175:		for( auto c : s ) {
     3684:  176:			if( isdigit( c ) ) {
     1839:  177:				num = num + c;
     1839:  178:				continue;
        -:  179:			}
        6:  180:			if( c == '_' ) {
        3:  181:				continue;
        -:  182:			}
        3:  183:			put_error( std::string( "Description of numerical value '" ) + s + "' is abnormal." );
        3:  184:			return false;
        -:  185:		}
     1379:  186:		result.type = CVALUE::CV_INTEGER;
        -:  187:		try {
     1379:  188:			result.i = (int)std::stoll( num, nullptr );
        -:  189:		}
    =====:  190:		catch( ... ){
    =====:  191:			put_error( std::string( "Numerical descriptions '" ) + num + "' are unusual." );
    =====:  192:			result.i = 0;
        -:  193:		}
     1379:  194:		return true;
        -:  195:	}
        -:  196:	//	string
      908:  197:	if( s[0] == '\"' ) {
      399:  198:		index++;
      399:  199:		result.type = CVALUE::CV_STRING;
      399:  200:		result.s = s.substr( 1 );
      399:  201:		return true;
        -:  202:	}
        -:  203:	//	•s³‚È‹L†
        -:  204:	//	label
      509:  205:	if( isalpha( s[0] ) || s[0] == '_' ) {
      397:  206:		if( info.get_label_value( result, s ) ) {
      147:  207:			index++;
      147:  208:			return true;
        -:  209:		}
        -:  210:	}
      362:  211:	return false;
        -:  212:}
        -:  213:
        -:  214:// --------------------------------------------------------------------
     7783:  215:bool CZMA_PARSE::operator_mul_div( CZMA_INFORMATION& info, int& index, CVALUE& result ) {
    15566:  216:	std::string s;
        -:  217:	bool is_success;
    15566:  218:	CVALUE term;
        -:  219:	int i;
        -:  220:
     7783:  221:	s = get_word( index );
     7783:  222:	is_success = operator_single( info, index, result );
     7783:  223:	if( !is_success ) {
      367:  224:		return false;
        -:  225:	}
        -:  226:	for( ;;) {
     7492:  227:		s = get_word( index );
     7454:  228:		if( s == "*" ) {
       37:  229:			index++;
       37:  230:			is_success = operator_single( info, index, term );
       37:  231:			if( !is_success ) {
        9:  232:				return false;
        -:  233:			}
       34:  234:			if( result.type == CVALUE::CV_INTEGER && term.type == CVALUE::CV_INTEGER ) {
        6:  235:				result.i = result.i * term.i;
        6:  236:				continue;
        -:  237:			}
       32:  238:			else if( result.type == CVALUE::CV_STRING && term.type == CVALUE::CV_INTEGER ) {
       10:  239:				s = "";
    65560:  240:				for( i = 0; i < term.i; i++ ) {
    65550:  241:					s = s + result.s;
        -:  242:				}
       10:  243:				result.s = s;
       10:  244:				continue;
        -:  245:			}
       21:  246:			else if( result.type == CVALUE::CV_INTEGER && term.type == CVALUE::CV_STRING ) {
        9:  247:				s = "";
       90:  248:				for( i = 0; i < result.i; i++ ) {
       81:  249:					s = s + term.s;
        -:  250:				}
        9:  251:				result.type = CVALUE::CV_STRING;
        9:  252:				result.s = s;
        9:  253:				continue;
        -:  254:			}
        3:  255:			put_error( "Invalid operator '*'" );
        3:  256:			return false;
        -:  257:		}
     7420:  258:		if( s == "/" ) {
       15:  259:			index++;
       15:  260:			is_success = operator_single( info, index, term );
       15:  261:			if( !is_success ) {
        3:  262:				return false;
        -:  263:			}
       12:  264:			if( result.type != CVALUE::CV_INTEGER || term.type != CVALUE::CV_INTEGER ) {
        6:  265:				put_error( "Invalid operator '/'" );
        6:  266:				return false;
        -:  267:			}
        6:  268:			if( term.i == 0 ) {
        3:  269:				put_error( "Divided by zero." );
        3:  270:				return false;
        -:  271:			}
        -:  272:			else {
        3:  273:				result.i = result.i / term.i;
        -:  274:			}
        3:  275:			continue;
        -:  276:		}
     7412:  277:		if( s == "%" ) {
       26:  278:			index++;
       26:  279:			is_success = operator_single( info, index, term );
       26:  280:			if( !is_success ) {
        3:  281:				return false;
        -:  282:			}
       23:  283:			if( result.type != CVALUE::CV_INTEGER || term.type != CVALUE::CV_INTEGER ) {
       10:  284:				put_error( "Invalid operator '%'" );
       10:  285:				return false;
        -:  286:			}
       13:  287:			if( term.i == 0 ) {
        3:  288:				put_error( "Divided by zero." );
        3:  289:				return false;
        -:  290:			}
        -:  291:			else {
       10:  292:				result.i = result.i % term.i;
        -:  293:			}
       10:  294:			continue;
        -:  295:		}
     7376:  296:		break;
        -:  297:	}
     7376:  298:	return true;
        -:  299:}
        -:  300:
        -:  301:// --------------------------------------------------------------------
     7645:  302:bool CZMA_PARSE::operator_add_sub( CZMA_INFORMATION& info, int& index, CVALUE& result ) {
    15290:  303:	std::string s;
        -:  304:	bool is_success;
    15290:  305:	CVALUE term;
        -:  306:
     7645:  307:	s = get_word( index );
     7645:  308:	is_success = operator_mul_div( info, index, result );
     7645:  309:	if( !is_success ) {
      376:  310:		return false;
        -:  311:	}
        -:  312:	for( ;;) {
     7471:  313:		s = get_word( index );
     7370:  314:		if( s == "+" ) {
      120:  315:			index++;
      120:  316:			is_success = operator_mul_div( info, index, term );
      120:  317:			if( !is_success ) {
       26:  318:				return false;
        -:  319:			}
       94:  320:			if( result.type == CVALUE::CV_INTEGER && term.type == CVALUE::CV_INTEGER ) {
       19:  321:				result.i = result.i + term.i;
        -:  322:			}
       75:  323:			else if( result.type == CVALUE::CV_STRING && term.type == CVALUE::CV_INTEGER ) {
       37:  324:				result.s = result.s + std::to_string(term.i);
        -:  325:			}
       38:  326:			else if( result.type == CVALUE::CV_INTEGER && term.type == CVALUE::CV_STRING ) {
       15:  327:				result.type = CVALUE::CV_STRING;
       15:  328:				result.s = std::to_string(result.i) + term.s;
        -:  329:			}
        -:  330:			//if( result.type == CVALUE::CV_STRING && term.type == CVALUE::CV_STRING ) {
       94:  331:			result.s = result.s + term.s;
        -:  332:			//}
        -:  333:		}
     7250:  334:		else if( s == "-" ) {
       18:  335:			index++;
       18:  336:			is_success = operator_mul_div( info, index, term );
       18:  337:			if( !is_success ) {
        5:  338:				return false;
        -:  339:			}
       13:  340:			if( result.type != CVALUE::CV_INTEGER || term.type != CVALUE::CV_INTEGER ) {
        6:  341:				put_error( "Invalid operator '-'" );
        6:  342:				return false;
        -:  343:			}
        7:  344:			result.i = result.i - term.i;
        -:  345:		}
        -:  346:		else {
     7232:  347:			break;
        -:  348:		}
        -:  349:	}
     7232:  350:	return true;
        -:  351:}
        -:  352:
        -:  353:// --------------------------------------------------------------------
     7603:  354:bool CZMA_PARSE::operator_shift( CZMA_INFORMATION& info, int& index, CVALUE& result ) {
    15206:  355:	std::string s;
        -:  356:	bool is_success;
    15206:  357:	CVALUE term;
        -:  358:
     7603:  359:	s = get_word( index );
     7603:  360:	is_success = operator_add_sub( info, index, result );
     7603:  361:	if( !is_success ) {
      407:  362:		return false;
        -:  363:	}
     7196:  364:	if( result.type != CVALUE::CV_INTEGER ) {
      348:  365:		return true;
        -:  366:	}
        -:  367:	for( ;;) {
     6908:  368:		s = get_word( index );
     6905:  369:		if( s == "<<" ) {
       33:  370:			index++;
       33:  371:			is_success = operator_add_sub( info, index, term );
       33:  372:			if( !is_success ) {
        3:  373:				return false;
        -:  374:			}
       30:  375:			if( term.type != CVALUE::CV_INTEGER ) {
        3:  376:				put_error( "Invalid operator '<<'" );
        3:  377:				return false;
        -:  378:			}
       27:  379:			result.i = result.i << term.i;
       27:  380:			continue;
        -:  381:		}
     6848:  382:		if( s == ">>" ) {
        9:  383:			index++;
        9:  384:			is_success = operator_add_sub( info, index, term );
        9:  385:			if( !is_success ) {
        3:  386:				return false;
        -:  387:			}
        6:  388:			if( term.type != CVALUE::CV_INTEGER ) {
        3:  389:				put_error( "Invalid operator '>>'" );
        3:  390:				return false;
        -:  391:			}
        3:  392:			result.i = result.i >> term.i;
        3:  393:			continue;
        -:  394:		}
     6836:  395:		break;
        -:  396:	}
     6836:  397:	return true;
        -:  398:}
        -:  399:
        -:  400:// --------------------------------------------------------------------
     7549:  401:bool CZMA_PARSE::operator_compare( CZMA_INFORMATION& info, int& index, CVALUE& result ) {
    15098:  402:	std::string s;
        -:  403:	bool is_success;
    15098:  404:	CVALUE term;
        -:  405:
     7549:  406:	s = get_word( index );
     7549:  407:	is_success = operator_shift( info, index, result );
     7549:  408:	if( !is_success ) {
      407:  409:		return false;
        -:  410:	}
     7142:  411:	if( result.type != CVALUE::CV_INTEGER ) {
      336:  412:		return true;
        -:  413:	}
        -:  414:	for( ;;) {
     6866:  415:		s = get_word( index );
     6842:  416:		if( s == "<" ) {
       12:  417:			index++;
       12:  418:			is_success = operator_shift( info, index, term );
       12:  419:			if( !is_success ) {
        3:  420:				return false;
        -:  421:			}
        9:  422:			if( term.type != CVALUE::CV_INTEGER ) {
        3:  423:				put_error( "Invalid operator '<'" );
        3:  424:				return false;
        -:  425:			}
        6:  426:			result.i = result.i < term.i;
        6:  427:			continue;
        -:  428:		}
     6830:  429:		if( s == ">" ) {
       12:  430:			index++;
       12:  431:			is_success = operator_shift( info, index, term );
       12:  432:			if( !is_success ) {
        3:  433:				return false;
        -:  434:			}
        9:  435:			if( term.type != CVALUE::CV_INTEGER ) {
        3:  436:				put_error( "Invalid operator '>'" );
        3:  437:				return false;
        -:  438:			}
        6:  439:			result.i = result.i > term.i;
        6:  440:			continue;
        -:  441:		}
     6821:  442:		if( s == "<=" ) {
       15:  443:			index++;
       15:  444:			is_success = operator_shift( info, index, term );
       15:  445:			if( !is_success ) {
        3:  446:				return false;
        -:  447:			}
       12:  448:			if( term.type != CVALUE::CV_INTEGER ) {
        3:  449:				put_error( "Invalid operator '<='" );
        3:  450:				return false;
        -:  451:			}
        9:  452:			result.i = result.i <= term.i;
        9:  453:			continue;
        -:  454:		}
     6806:  455:		if( s == ">=" ) {
       15:  456:			index++;
       15:  457:			is_success = operator_shift( info, index, term );
       15:  458:			if( !is_success ) {
        3:  459:				return false;
        -:  460:			}
       12:  461:			if( term.type != CVALUE::CV_INTEGER ) {
        3:  462:				put_error( "Invalid operator '>='" );
        3:  463:				return false;
        -:  464:			}
        9:  465:			result.i = result.i >= term.i;
        9:  466:			continue;
        -:  467:		}
     6782:  468:		break;
        -:  469:	}
     6782:  470:	return true;
        -:  471:}
        -:  472:
        -:  473:// --------------------------------------------------------------------
     7495:  474:bool CZMA_PARSE::operator_equal( CZMA_INFORMATION& info, int& index, CVALUE& result ) {
    14990:  475:	std::string s;
        -:  476:	bool is_success;
    14990:  477:	CVALUE term;
        -:  478:
     7495:  479:	s = get_word( index );
     7495:  480:	is_success = operator_compare( info, index, result );
     7495:  481:	if( !is_success ) {
      425:  482:		return false;
        -:  483:	}
        -:  484:	for( ;;) {
     7166:  485:		s = get_word( index );
     7121:  486:		if( s == "==" ) {
       36:  487:			index++;
       36:  488:			is_success = operator_compare( info, index, term );
       36:  489:			if( !is_success ) {
        3:  490:				return false;
        -:  491:			}
       39:  492:			if( result.type == CVALUE::CV_STRING && term.type == CVALUE::CV_STRING ) {
        6:  493:				result.type = CVALUE::CV_INTEGER;
        6:  494:				result.i = result.s == term.s;
        6:  495:				continue;
        -:  496:			}
       51:  497:			if( result.type == CVALUE::CV_INTEGER && term.type == CVALUE::CV_INTEGER ) {
       24:  498:				result.i = result.i == term.i;
       24:  499:				continue;
        -:  500:			}
        3:  501:			result.type = CVALUE::CV_INTEGER;
        3:  502:			result.i = false;
        3:  503:			continue;
        -:  504:		}
     7085:  505:		if( s == "!=" ) {
       18:  506:			index++;
       18:  507:			is_success = operator_compare( info, index, term );
       18:  508:			if( !is_success ) {
        3:  509:				return false;
        -:  510:			}
       21:  511:			if( result.type == CVALUE::CV_STRING && term.type == CVALUE::CV_STRING ) {
        6:  512:				result.type = CVALUE::CV_INTEGER;
        6:  513:				result.i = result.s != term.s;
        6:  514:				continue;
        -:  515:			}
       15:  516:			if( result.type == CVALUE::CV_INTEGER && term.type == CVALUE::CV_INTEGER ) {
        6:  517:				result.i = result.i != term.i;
        6:  518:				continue;
        -:  519:			}
        3:  520:			result.type = CVALUE::CV_INTEGER;
        3:  521:			result.i = true;
        3:  522:			continue;
        -:  523:		}
     7064:  524:		break;
        -:  525:	}
     7064:  526:	return true;
        -:  527:}
        -:  528:
        -:  529:// --------------------------------------------------------------------
     7483:  530:bool CZMA_PARSE::operator_bit_and( CZMA_INFORMATION& info, int& index, CVALUE& result ) {
    14966:  531:	std::string s;
        -:  532:	bool is_success;
    14966:  533:	CVALUE term;
        -:  534:
     7483:  535:	s = get_word( index );
     7483:  536:	is_success = operator_equal( info, index, result );
     7483:  537:	if( !is_success ) {
      428:  538:		return false;
        -:  539:	}
     7055:  540:	if( result.type != CVALUE::CV_INTEGER ) {
      303:  541:		return true;
        -:  542:	}
        -:  543:	for( ;;) {
     6764:  544:		s = get_word( index );
     6764:  545:		if( s == "&" ) {
       12:  546:			index++;
       12:  547:			is_success = operator_equal( info, index, term );
       12:  548:			if( !is_success ) {
        3:  549:				return false;
        -:  550:			}
        9:  551:			if( term.type != CVALUE::CV_INTEGER ) {
        3:  552:				put_error( "Invalid operator '&'" );
        3:  553:				return false;
        -:  554:			}
        6:  555:			result.i = result.i & term.i;
        6:  556:			continue;
        -:  557:		}
     6746:  558:		break;
        -:  559:	}
     6746:  560:	return true;
        -:  561:}
        -:  562:
        -:  563:// --------------------------------------------------------------------
     7471:  564:bool CZMA_PARSE::operator_bit_xor( CZMA_INFORMATION& info, int& index, CVALUE& result ) {
    14942:  565:	std::string s;
        -:  566:	bool is_success;
    14942:  567:	CVALUE term;
        -:  568:
     7471:  569:	s = get_word( index );
     7471:  570:	is_success = operator_bit_and( info, index, result );
     7471:  571:	if( !is_success ) {
      431:  572:		return false;
        -:  573:	}
     7040:  574:	if( result.type != CVALUE::CV_INTEGER ) {
      300:  575:		return true;
        -:  576:	}
        -:  577:	for( ;;) {
     6752:  578:		s = get_word( index );
     6752:  579:		if( s == "^" ) {
       12:  580:			index++;
       12:  581:			is_success = operator_bit_and( info, index, term );
       12:  582:			if( !is_success ) {
        3:  583:				return false;
        -:  584:			}
        9:  585:			if( term.type != CVALUE::CV_INTEGER ) {
        3:  586:				put_error( "Invalid operator '^'" );
        3:  587:				return false;
        -:  588:			}
        6:  589:			result.i = result.i ^ term.i;
        6:  590:			continue;
        -:  591:		}
     6734:  592:		break;
        -:  593:	}
     6734:  594:	return true;
        -:  595:}
        -:  596:
        -:  597:// --------------------------------------------------------------------
     7435:  598:bool CZMA_PARSE::operator_bit_or( CZMA_INFORMATION& info, int& index, CVALUE& result ) {
    14870:  599:	std::string s;
        -:  600:	bool is_success;
    14870:  601:	CVALUE term;
        -:  602:
     7435:  603:	s = get_word( index );
     7435:  604:	is_success = operator_bit_xor( info, index, result );
     7435:  605:	if( !is_success ) {
      434:  606:		return false;
        -:  607:	}
     7001:  608:	if( result.type != CVALUE::CV_INTEGER ) {
      297:  609:		return true;
        -:  610:	}
        -:  611:	for( ;;) {
     6764:  612:		s = get_word( index );
     6764:  613:		if( s == "|" ) {
       36:  614:			index++;
       36:  615:			is_success = operator_bit_xor( info, index, term );
       36:  616:			if( !is_success ) {
        3:  617:				return false;
        -:  618:			}
       33:  619:			if( term.type != CVALUE::CV_INTEGER ) {
        3:  620:				put_error( "Invalid operator '|'" );
        3:  621:				return false;
        -:  622:			}
       30:  623:			result.i = result.i | term.i;
       30:  624:			continue;
        -:  625:		}
     6698:  626:		break;
        -:  627:	}
     6698:  628:	return true;
        -:  629:}
        -:  630:
        -:  631:// --------------------------------------------------------------------
     7417:  632:bool CZMA_PARSE::operator_logical_and( CZMA_INFORMATION& info, int& index, CVALUE& result ) {
    14834:  633:	std::string s;
        -:  634:	bool is_success;
    14834:  635:	CVALUE term;
        -:  636:
     7417:  637:	s = get_word( index );
     7417:  638:	is_success = operator_bit_or( info, index, result );
     7417:  639:	if( !is_success ) {
      437:  640:		return false;
        -:  641:	}
     6980:  642:	if( result.type != CVALUE::CV_INTEGER ) {
      294:  643:		return true;
        -:  644:	}
        -:  645:	for( ;;) {
     6710:  646:		s = get_word( index );
     6710:  647:		if( s == "&&" ) {
       18:  648:			index++;
       18:  649:			is_success = operator_bit_or( info, index, term );
       18:  650:			if( !is_success ) {
        3:  651:				return false;
        -:  652:			}
       15:  653:			if( term.type != CVALUE::CV_INTEGER ) {
        3:  654:				put_error( "Invalid operator '&&'" );
        3:  655:				return false;
        -:  656:			}
       12:  657:			result.i = result.i && term.i;
       12:  658:			continue;
        -:  659:		}
     6680:  660:		break;
        -:  661:	}
     6680:  662:	return true;
        -:  663:}
        -:  664:
        -:  665:// --------------------------------------------------------------------
     7399:  666:bool CZMA_PARSE::operator_logical_or( CZMA_INFORMATION& info, int& index, CVALUE& result ) {
    14798:  667:	std::string s;
        -:  668:	bool is_success;
    14798:  669:	CVALUE term;
        -:  670:
     7399:  671:	s = get_word(index);
     7399:  672:	is_success = operator_logical_and( info, index, result );
     7399:  673:	if( !is_success ) {
      440:  674:		return false;
        -:  675:	}
     6959:  676:	if( result.type != CVALUE::CV_INTEGER ) {
      291:  677:		return true;
        -:  678:	}
        -:  679:	for( ;;) {
     6692:  680:		s = get_word( index );
     6692:  681:		if( s == "||" ) {
       18:  682:			index++;
       18:  683:			is_success = operator_logical_and( info, index, term );
       18:  684:			if( !is_success ) {
        3:  685:				return false;
        -:  686:			}
       15:  687:			if( term.type != CVALUE::CV_INTEGER ) {
        3:  688:				put_error( "Invalid operator '||'" );
        3:  689:				return false;
        -:  690:			}
       12:  691:			result.i = result.i || term.i;
       12:  692:			continue;
        -:  693:		}
     6662:  694:		break;
        -:  695:	}
     6662:  696:	return true;
        -:  697:}
        -:  698:
        -:  699:// --------------------------------------------------------------------
     7320:  700:int CZMA_PARSE::expression( CZMA_INFORMATION& info, int index, CVALUE& result ) {
     7320:  701:	bool is_success = operator_logical_or( info, index, result );
     7320:  702:	if( is_success ) {
     6879:  703:		return index;
        -:  704:	}
      441:  705:	return 0;
      168:  706:}
