        -:    0:Source:../sub/zma_parse_process_xor.cpp
        -:    0:Programs:106
        -:    1:// --------------------------------------------------------------------
        -:    2://	Z80 Macro Assembler parse
        -:    3:// ====================================================================
        -:    4://	2019/05/04	t.hara
        -:    5:// --------------------------------------------------------------------
        -:    6:
        -:    7:#include "zma_parse.hpp"
        -:    8:#include "zma_text.hpp"
        -:    9:#include "zma_parse_process.hpp"
        -:   10:#include <string>
        -:   11:#include <cctype>
        -:   12:#include <iostream>
        -:   13:#include <fstream>
        -:   14:#include <sstream>
        -:   15:#include <algorithm>
        -:   16:
        -:   17:#include "zma_parse_process_xor.hpp"
        -:   18:
        -:   19:// --------------------------------------------------------------------
      198:   20:bool CZMA_PARSE_XOR::process( CZMA_INFORMATION& info, CZMA_PARSE* p_last_line ) {
        -:   21:
      198:   22:	update_flags( &info, p_last_line );
      198:   23:	if( this->opecode_a_source8( info, 0xA8 ) ) {
        -:   24:		//	log
       99:   25:		if( !this->is_analyze_phase ) {
       66:   26:			log.write_line_infomation( this->line_no, this->code_address, this->file_address, get_line() );
       66:   27:			if( data.size() == 2 ) {
       24:   28:				log.write_cycle_information( 10, 2 );			//	XOR A, IXh
        -:   29:			}
        -:   30:			else {
       42:   31:				log.write_cycle_information( 5, 1 );			//	XOR A, r
        -:   32:			}
       33:   33:			log.write_dump( this->code_address, this->file_address, this->data );
       33:   34:			log.write_separator();
        -:   35:		}
        -:   36:		return check_all_fixed();
        -:   37:	}
       99:   38:	if( this->opecode_a_n8( info, 0xEE ) ) {
        -:   39:		//	log
        9:   40:		if( !this->is_analyze_phase ) {
        6:   41:			log.write_line_infomation( this->line_no, this->code_address, this->file_address, get_line() );
        6:   42:			log.write_cycle_information( 8, 2 );			//	SUB n
        3:   43:			log.write_dump( this->code_address, this->file_address, this->data );
        3:   44:			log.write_separator();
        -:   45:		}
        -:   46:		return check_all_fixed();
        -:   47:	}
       90:   48:	if( this->opecode_a_memory_hl( info, 0xAE ) ) {
        -:   49:		//	log
       27:   50:		if( !this->is_analyze_phase ) {
       18:   51:			log.write_line_infomation( this->line_no, this->code_address, this->file_address, get_line() );
       18:   52:			if( words[4] == "HL" ) {
        6:   53:				log.write_cycle_information( 8, 4 );			//	XOR A, [HL]
        -:   54:			}
        -:   55:			else {
       12:   56:				log.write_cycle_information( 8, 2 );			//	XOR A, [IX+o]
        -:   57:			}
        9:   58:			log.write_dump( this->code_address, this->file_address, this->data );
        9:   59:			log.write_separator();
        -:   60:		}
        -:   61:		return check_all_fixed();
        -:   62:	}
       63:   63:	if( this->opecode_source8( info, 0xA8 ) ) {
        -:   64:		//	log
       54:   65:		if( !this->is_analyze_phase ) {
       36:   66:			log.write_line_infomation( this->line_no, this->code_address, this->file_address, get_line() );
       36:   67:			if( data.size() == 2 ) {
        8:   68:				log.write_cycle_information( 10, 2 );			//	XOR IXh
        -:   69:			}
        -:   70:			else {
       28:   71:				log.write_cycle_information( 5, 1 );			//	XOR r
        -:   72:			}
       18:   73:			log.write_dump( this->code_address, this->file_address, this->data );
       18:   74:			log.write_separator();
        -:   75:		}
        -:   76:		return check_all_fixed();
        -:   77:	}
        9:   78:	if( this->opecode_n8( info, 0xEE ) ) {
        -:   79:		//	log
        3:   80:		if( !this->is_analyze_phase ) {
        2:   81:			log.write_line_infomation( this->line_no, this->code_address, this->file_address, get_line() );
        2:   82:			log.write_cycle_information( 8, 2 );			//	XOR n
        1:   83:			log.write_dump( this->code_address, this->file_address, this->data );
        1:   84:			log.write_separator();
        -:   85:		}
        -:   86:		return check_all_fixed();
        -:   87:	}
       30:   88:	put_error( CZMA_ERROR::get( CZMA_ERROR_CODE::ILLEGAL_OPERAND ) );
        6:   89:	return false;
      162:   90:}
        -:   91:
