        -:    0:Source:../sub/zma_parse_process_push.cpp
        -:    0:Programs:103
        -:    1:// --------------------------------------------------------------------
        -:    2://	Z80 Macro Assembler parse
        -:    3:// ====================================================================
        -:    4://	2019/05/04	t.hara
        -:    5:// --------------------------------------------------------------------
        -:    6:
        -:    7:#include "zma_parse.hpp"
        -:    8:#include "zma_text.hpp"
        -:    9:#include "zma_parse_process.hpp"
        -:   10:#include <string>
        -:   11:#include <cctype>
        -:   12:#include <iostream>
        -:   13:#include <fstream>
        -:   14:#include <sstream>
        -:   15:#include <algorithm>
        -:   16:
        -:   17:// --------------------------------------------------------------------
       18:   18:bool CZMA_PARSE_PUSH::process( CZMA_INFORMATION& info, CZMA_PARSE* p_last_line ) {
        -:   19:
       18:   20:	update_flags( &info, p_last_line );
       18:   21:	if( this->opecode_register16_with_af( info, 0xC5 ) ) {
        -:   22:		//	log
       18:   23:		if( !this->is_analyze_phase ) {
       12:   24:			log.write_line_infomation( this->line_no, this->code_address, this->file_address, get_line() );
       17:   25:			if( words[1] == "IX" || words[1] == "IY" ) {
        6:   26:				log.write_cycle_information( 17, 7 );
        -:   27:			}
        -:   28:			else {
       12:   29:				log.write_cycle_information( 12, 6 );
        -:   30:			}
        6:   31:			log.write_dump( this->code_address, this->file_address, this->data );
        6:   32:			log.write_separator();
        -:   33:		}
        -:   34:		return check_all_fixed();
        -:   35:	}
    #####:   36:	put_error( "Illegal operand" );
    #####:   37:	return false;
       12:   38:}
        -:   39:
