        -:    0:Source:../sub/zma_parse_process_error.hpp
        -:    0:Programs:106
        -:    1:// --------------------------------------------------------------------
        -:    2://	Z80 Macro Assembler parse
        -:    3:// ====================================================================
        -:    4://	2019/05/04	t.hara
        -:    5:// --------------------------------------------------------------------
        -:    6:
        -:    7:#pragma once
        -:    8:
        -:    9:#include "zma_parse_process.hpp"
        -:   10:
        -:   11:// --------------------------------------------------------------------
        -:   12:class CZMA_PARSE_ERROR: public CZMA_PARSE {
        -:   13:public:
       43:   14:	using CZMA_PARSE::CZMA_PARSE;
        -:   15:	bool process( CZMA_INFORMATION& info, CZMA_PARSE* p_last_line = nullptr ) override;
       50:   16:	virtual bool is_parse_error( void ) {
       50:   17:		return true;
        -:   18:	}
        -:   19:};
