        -:    0:Source:../sub/zma_parse_process_defb.cpp
        -:    0:Programs:105
        -:    1:// --------------------------------------------------------------------
        -:    2://	Z80 Macro Assembler parse
        -:    3:// ====================================================================
        -:    4://	2019/05/04	t.hara
        -:    5:// --------------------------------------------------------------------
        -:    6:
        -:    7:#include "zma_parse.hpp"
        -:    8:#include "zma_text.hpp"
        -:    9:#include "zma_parse_process.hpp"
        -:   10:#include <string>
        -:   11:#include <cctype>
        -:   12:#include <iostream>
        -:   13:#include <fstream>
        -:   14:#include <sstream>
        -:   15:#include <algorithm>
        -:   16:
        -:   17:// --------------------------------------------------------------------
     2974:   18:bool CZMA_PARSE_DEFB::process( CZMA_INFORMATION &info, CZMA_PARSE *p_last_line ){
        -:   19:	int i, count;
        -:   20:	CVALUE v;
        -:   21:
     2974:   22:	update_flags( &info, p_last_line );
     2974:   23:	if( !this->is_fixed_code_size() ){
        -:   24:		count = 1;
        -:   25:		i = 1;
        -:   26:		for( ;; ){
     6887:   27:			i = this->expression( info, i, v );
     7878:   28:			if( v.is_integer() ){
        -:   29:				//	数値の場合は、値の確定の有無にかかわらず 1byte
     3935:   30:				count++;
        -:   31:			}
        4:   32:			else if( v.is_string() ){
        3:   33:				if( v.is_unknown() ){
        -:   34:					//	文字列の場合は、値が確定していないとサイズが不明
        -:   35:					count = -1;
        -:   36:					break;
        -:   37:				}
        -:   38:				//	文字列の場合は、値が確定していると文字長がそのままサイズ
        3:   39:				count += v.s.size();
        -:   40:			}
        -:   41:			else{
        -:   42:				//	型もわからない場合は、サイズが不明
        -:   43:				count = -1;
        -:   44:				break;
        -:   45:			}
     7876:   46:			if( i >= (int)words.size() ){
        -:   47:				break;
        -:   48:			}
     5896:   49:			if( words[ i ] != "," ){
    #####:   50:				put_error( CZMA_ERROR::get( CZMA_ERROR_CODE::ILLEGAL_PARAMETER ) );
        -:   51:				count = -1;
        -:   52:				break;
        -:   53:			}
     2948:   54:			i++;
        -:   55:		}
      991:   56:		if( count >= 0 ){
      990:   57:			this->set_code_size( &info, count );
        -:   58:		}
        -:   59:	}
     2974:   60:	if( !this->is_data_fixed ){
        -:   61:		i = 1;
        -:   62:		for( ;; ){
     3949:   63:			i = this->expression( info, i, v );
     3949:   64:			if( i == 0 ){
        5:   65:				put_error( CZMA_ERROR::get( CZMA_ERROR_CODE::CANNOT_EVALUATE_THE_EXPRESSION ) );
        -:   66:				data.clear();
        1:   67:				return false;
        -:   68:			}
    10854:   69:			if( i < (int)words.size() && words[ i ] != "," ){
    #####:   70:				put_error( CZMA_ERROR::get( CZMA_ERROR_CODE::ILLEGAL_EXPRESSION ) );
        -:   71:				data.clear();
    #####:   72:				return false;
        -:   73:			}
     3948:   74:			i++;
     7896:   75:			if( v.is_unknown() ){
       10:   76:				put_error( CZMA_ERROR::get( CZMA_ERROR_CODE::ILLEGAL_EXPRESSION ) );
        -:   77:				data.clear();
        2:   78:				return false;
        -:   79:			}
     3946:   80:			else if( v.is_integer() ) {
     7886:   81:				data.push_back( v.i & 255 );
        -:   82:			}
        -:   83:			else {
        -:   84:				//	v.is_string()
       25:   85:				for( char &c : v.s ){
       44:   86:					data.push_back( (unsigned char) c );
        -:   87:				}
        -:   88:			}
     7892:   89:			if( i >= (int)words.size() ){
        -:   90:				break;
        -:   91:			}
        -:   92:		}
      990:   93:		this->is_data_fixed = true;
        -:   94:	}
        -:   95:	//	log
     2971:   96:	if( !this->is_analyze_phase ){
     1980:   97:		log.write_line_infomation( this->line_no, this->code_address, this->file_address, get_line() );
      990:   98:		log.write_dump( this->code_address, this->file_address, this->data );
      990:   99:		log.write_separator();
        -:  100:	}
        -:  101:	return check_all_fixed();
       12:  102:}
        -:  103:
