        -:    0:Source:../sub/zma_parse_process_out.cpp
        -:    0:Programs:103
        -:    1:// --------------------------------------------------------------------
        -:    2://	Z80 Macro Assembler parse
        -:    3:// ====================================================================
        -:    4://	2019/05/04	t.hara
        -:    5:// --------------------------------------------------------------------
        -:    6:
        -:    7:#include "zma_parse.hpp"
        -:    8:#include "zma_text.hpp"
        -:    9:#include "zma_parse_process.hpp"
        -:   10:#include <string>
        -:   11:#include <cctype>
        -:   12:#include <iostream>
        -:   13:#include <fstream>
        -:   14:#include <sstream>
        -:   15:#include <algorithm>
        -:   16:
        -:   17:// --------------------------------------------------------------------
       48:   18:bool CZMA_PARSE_OUT::process( CZMA_INFORMATION& info, CZMA_PARSE* p_last_line ) {
        -:   19:
       48:   20:	update_flags( &info, p_last_line );
       48:   21:	if( opecode_c_source8( info, 0xD3, 0xED, 0x41 ) ) {
        -:   22:		//	log
       45:   23:		if( !this->is_analyze_phase ) {
       30:   24:			log.write_line_infomation( this->line_no, this->code_address, this->file_address, get_line() );
       15:   25:			if( data[0] == 0xD3 ) {
        2:   26:				log.write_cycle_information( 12, 10, -1, 9 );	//	OUT [n], A
        -:   27:			}
        -:   28:			else {
       28:   29:				log.write_cycle_information( 14, 10, -1, 9 );	//	OUT	[C], A
        -:   30:			}
       15:   31:			log.write_dump( this->code_address, this->file_address, this->data );
       15:   32:			log.write_separator();
        -:   33:		}
        -:   34:		return check_all_fixed();
        -:   35:	}
        6:   36:	put_error( "Illegal operand" );
        3:   37:	return false;
      136:   38:}
        -:   39:
