        -:    0:Source:../sub/zma_parse_process_user_error.cpp
        -:    0:Programs:106
        -:    1:// --------------------------------------------------------------------
        -:    2://	Z80 Macro Assembler parse
        -:    3:// ====================================================================
        -:    4://	2019/05/04	t.hara
        -:    5:// --------------------------------------------------------------------
        -:    6:
        -:    7:#include "zma_parse.hpp"
        -:    8:#include "zma_text.hpp"
        -:    9:#include "zma_parse_process.hpp"
        -:   10:#include <string>
        -:   11:#include <cctype>
        -:   12:#include <iostream>
        -:   13:#include <fstream>
        -:   14:#include <sstream>
        -:   15:#include <algorithm>
        -:   16:
        -:   17:#include "zma_parse_process_user_error.hpp"
        -:   18:
        -:   19:// --------------------------------------------------------------------
       27:   20:bool CZMA_PARSE_USER_ERROR::process( CZMA_INFORMATION& info, CZMA_PARSE* p_last_line ) {
        -:   21:	CVALUE v;
        -:   22:
       27:   23:	set_code_size( &info, 0 );
       27:   24:	this->is_data_fixed = true;
       27:   25:	update_flags( &info, p_last_line );
       54:   26:	if( words.size() == 1 ) {
       15:   27:		put_error( CZMA_ERROR::get( CZMA_ERROR_CODE::TOO_MANY_PARAMETERS ) );
        3:   28:		return false;
        -:   29:	}
       24:   30:	if( this->expression( info, 1, v, false ) == 0 ) {
       55:   31:		put_error( CZMA_ERROR::get( CZMA_ERROR_CODE::ILLEGAL_PARAMETER ) );
        -:   32:	}
       26:   33:	else if( v.is_unknown() ){
       15:   34:		put_error( CZMA_ERROR::get( CZMA_ERROR_CODE::ILLEGAL_PARAMETER ) );
        -:   35:	}
       10:   36:	else if( v.is_string() ){
        6:   37:		put_error( v.s );
        -:   38:	}
        -:   39:	else {
        -:   40:		//	v.is_integer()
       21:   41:		put_error( std::to_string( v.i ) );
        -:   42:	}
        -:   43:	return false;
      172:   44:}
