        -:    0:Source:../sub/zma_parse_process_space.cpp
        -:    0:Programs:104
        -:    1:// --------------------------------------------------------------------
        -:    2://	Z80 Macro Assembler parse
        -:    3:// ====================================================================
        -:    4://	2019/05/04	t.hara
        -:    5:// --------------------------------------------------------------------
        -:    6:
        -:    7:#include "zma_parse.hpp"
        -:    8:#include "zma_text.hpp"
        -:    9:#include "zma_parse_process.hpp"
        -:   10:#include <string>
        -:   11:#include <cctype>
        -:   12:#include <iostream>
        -:   13:#include <fstream>
        -:   14:#include <sstream>
        -:   15:#include <algorithm>
        -:   16:
        -:   17:// --------------------------------------------------------------------
        6:   18:bool CZMA_PARSE_SPACE::process( CZMA_INFORMATION &info, CZMA_PARSE *p_last_line ){
        -:   19:	int i, space_size, value;
        -:   20:	CVALUE v;
        -:   21:
        6:   22:	update_flags( &info, p_last_line );
        6:   23:	if( !this->is_data_fixed ){
        2:   24:		if( !this->is_fixed_code_size() ){
        -:   25:			//	サイズ
        2:   26:			i = this->expression( info, 1, v );
        2:   27:			if( i == 0 ){
    #####:   28:				put_error( CZMA_ERROR::get( CZMA_ERROR_CODE::ILLEGAL_EXPRESSION ) );
        -:   29:				data.clear();
    #####:   30:				return false;
        -:   31:			}
        2:   32:			if( v.value_type != CVALUE_TYPE::CV_INTEGER ){
    #####:   33:				put_error( CZMA_ERROR::get( CZMA_ERROR_CODE::ILLEGAL_EXPRESSION ) );
    #####:   34:				return false;
        -:   35:			}
        2:   36:			if( v.i < 0 || v.i > 65536 ){
    #####:   37:				put_error( CZMA_ERROR::get( CZMA_ERROR_CODE::ILLEGAL_PARAMETER ) );
    #####:   38:				return false;
        -:   39:			}
        -:   40:			space_size = v.i;
        -:   41:			//	, があるか？
        5:   42:			if( i < (int)this->words.size() && this->words[ i ] == "," ){
        1:   43:				i = this->expression( info, i + 1, v );
        1:   44:				if( i == 0 ){
    #####:   45:					put_error( CZMA_ERROR::get( CZMA_ERROR_CODE::ILLEGAL_EXPRESSION ) );
        -:   46:					data.clear();
    #####:   47:					return false;
        -:   48:				}
        1:   49:				if( v.value_type != CVALUE_TYPE::CV_INTEGER ){
    #####:   50:					put_error( CZMA_ERROR::get( CZMA_ERROR_CODE::ILLEGAL_EXPRESSION ) );
    #####:   51:					return false;
        -:   52:				}
        1:   53:				if( v.i < 0 || v.i > 65536 ){
    #####:   54:					put_error( CZMA_ERROR::get( CZMA_ERROR_CODE::ILLEGAL_PARAMETER ) );
    #####:   55:					return false;
        -:   56:				}
        -:   57:				value = v.i;
        -:   58:			}
        -:   59:			else{
        -:   60:				value = 0;
        -:   61:			}
        -:   62:			//	スペースを確保する
        -:   63:			this->set_code_size( &info, space_size );
       42:   64:			for( i = 0; i < space_size; i++ ){
       40:   65:				this->data.push_back( value );
        -:   66:			}
        2:   67:			this->is_data_fixed = true;
        2:   68:			info.is_updated = true;
        -:   69:		}
        -:   70:	}
        -:   71:
        6:   72:	if( !is_analyze_phase ){
        4:   73:		log.write_line_infomation( this->line_no, this->code_address, this->file_address, get_line() );
        2:   74:		if( this->get_code_size() ){
        4:   75:			std::stringstream ss;
       10:   76:			log.write_message( "Allocate space: " + std::to_string( this->get_code_size() ) + "byte(s)" );
        4:   77:			ss << "Fill value    : " << (int)this->data[ 0 ] << "(0x" << std::setw(2) << std::setfill('0') << std::hex << (int)this->data[0] << ")";
        4:   78:			log.write_message( ss.str() );
        -:   79:		}
        -:   80:		else{
    #####:   81:			log.write_message( "No space was allocated." );
        -:   82:		}
        2:   83:		log.write_dump( this->code_address, this->file_address, this->data );
        2:   84:		log.write_separator();
        -:   85:	}
        -:   86:	return check_all_fixed();
       12:   87:}
        -:   88:
