        -:    0:Source:../sub/zma_parse_process_defs.cpp
        -:    0:Programs:106
        -:    1:// --------------------------------------------------------------------
        -:    2://	Z80 Macro Assembler parse
        -:    3:// ====================================================================
        -:    4://	2019/05/04	t.hara
        -:    5:// --------------------------------------------------------------------
        -:    6:
        -:    7:#include "zma_parse.hpp"
        -:    8:#include "zma_text.hpp"
        -:    9:#include "zma_parse_process.hpp"
        -:   10:#include <string>
        -:   11:#include <cctype>
        -:   12:#include <iostream>
        -:   13:#include <fstream>
        -:   14:#include <sstream>
        -:   15:#include <algorithm>
        -:   16:
        -:   17:#include "zma_parse_process_defs.hpp"
        -:   18:
        -:   19:// --------------------------------------------------------------------
       80:   20:bool CZMA_PARSE_DEFS::process( CZMA_INFORMATION& info, CZMA_PARSE* p_last_line ) {
        -:   21:	CVALUE v;
        -:   22:	int index;
        -:   23:
       80:   24:	update_flags( &info, p_last_line );
       80:   25:	index = this->expression( info, 1, v );
       80:   26:	if( index == 0 ) {
       50:   27:		put_error( CZMA_ERROR::get( CZMA_ERROR_CODE::ILLEGAL_EXPRESSION ) );
       10:   28:		return false;
        -:   29:	}
      140:   30:	if( index < ( int) words.size() ) {
       20:   31:		put_error( CZMA_ERROR::get( CZMA_ERROR_CODE::ILLEGAL_PARAMETER ) );
        4:   32:		return false;
        -:   33:	}
      132:   34:	if( v.is_unknown() ){
       30:   35:		put_error( CZMA_ERROR::get( CZMA_ERROR_CODE::ILLEGAL_PARAMETER ) );
        6:   36:		return false;
        -:   37:	}
       60:   38:	if( v.is_integer() ) {
        4:   39:		v.value_type = CVALUE_TYPE::CV_STRING;
       12:   40:		v.s = std::to_string( v.i );
        -:   41:	}
       60:   42:	this->set_code_size( &info, (unsigned int)v.s.size() );
       60:   43:	if( !this->is_data_fixed ) {
    16532:   44:		for( auto c : v.s ) {
    33026:   45:			data.push_back( c );
        -:   46:		}
       19:   47:		this->is_data_fixed = true;
        -:   48:	}
        -:   49:	//	log
       60:   50:	if( !this->is_analyze_phase ) {
       38:   51:		log.write_line_infomation( this->line_no, this->code_address, this->file_address, get_line() );
       19:   52:		log.write_dump( this->code_address, this->file_address, this->data );
       19:   53:		log.write_separator();
        -:   54:	}
        -:   55:	return check_all_fixed();
      170:   56:}
        -:   57:
