        -:    0:Source:../sub/zma_parse_process_ret.cpp
        -:    0:Programs:105
        -:    1:// --------------------------------------------------------------------
        -:    2://	Z80 Macro Assembler parse
        -:    3:// ====================================================================
        -:    4://	2019/05/04	t.hara
        -:    5:// --------------------------------------------------------------------
        -:    6:
        -:    7:#include "zma_parse.hpp"
        -:    8:#include "zma_text.hpp"
        -:    9:#include "zma_parse_process.hpp"
        -:   10:#include <string>
        -:   11:#include <cctype>
        -:   12:#include <iostream>
        -:   13:#include <fstream>
        -:   14:#include <sstream>
        -:   15:#include <algorithm>
        -:   16:
        -:   17:// --------------------------------------------------------------------
       33:   18:bool CZMA_PARSE_RET::process( CZMA_INFORMATION& info, CZMA_PARSE* p_last_line ) {
        -:   19:
       33:   20:	update_flags( &info, p_last_line );
       33:   21:	if( opecode_condition( info, 0xC9, 0xC0 ) ) {
        -:   22:		//	log
       33:   23:		if( !this->is_analyze_phase ) {
       22:   24:			log.write_line_infomation( this->line_no, this->code_address, this->file_address, get_line() );
       11:   25:			if( data[0] == 0xC9 ) {
        6:   26:				log.write_cycle_information( 11, 5 );				//	RET
        -:   27:			}
        -:   28:			else {
       16:   29:				log.write_cycle_information( 12, 5, 6, 1 );			//	RET cond
        -:   30:			}
       11:   31:			log.write_dump( this->code_address, this->file_address, this->data );
       11:   32:			log.write_separator();
        -:   33:		}
        -:   34:		return check_all_fixed();
        -:   35:	}
    #####:   36:	put_error( CZMA_ERROR::get( CZMA_ERROR_CODE::ILLEGAL_OPERAND ) );
    #####:   37:	return false;
       12:   38:}
        -:   39:
