        -:    0:Source:../sub/zma_parse_process_symbol.cpp
        -:    0:Programs:105
        -:    1:// --------------------------------------------------------------------
        -:    2://	Z80 Macro Assembler parse
        -:    3:// ====================================================================
        -:    4://	2019/05/04	t.hara
        -:    5:// --------------------------------------------------------------------
        -:    6:
        -:    7:#include "zma_parse.hpp"
        -:    8:#include "zma_text.hpp"
        -:    9:#include "zma_parse_process.hpp"
        -:   10:#include <string>
        -:   11:#include <cctype>
        -:   12:#include <iostream>
        -:   13:#include <fstream>
        -:   14:#include <sstream>
        -:   15:#include <algorithm>
        -:   16:
        -:   17:// --------------------------------------------------------------------
       54:   18:bool CZMA_PARSE_SYMBOL::process( CZMA_INFORMATION& info, CZMA_PARSE* p_last_line ) {
        -:   19:	std::string label;
        -:   20:	CVALUE v;
        -:   21:
       54:   22:	this->set_code_size( &info, 0 );
       54:   23:	update_flags( &info, p_last_line );
        -:   24:	//	log
      162:   25:	label = info.get_scope_path() + words[0];
       54:   26:	if( !this->is_analyze_phase ) {
       36:   27:		std::stringstream s;
       36:   28:		log.write_line_infomation( this->line_no, -1, -1, get_line() );
        -:   29:		if( !info.dict.count( label ) ){
        2:   30:			s << "Symbol [" << label << "] = UNKNOWN";
        -:   31:		}
        -:   32:		else {
       16:   33:			v = info.dict[label];
       32:   34:			if( v.is_integer() ) {
       13:   35:				if( v.is_unknown() ){
        2:   36:					s << "Integer symbol [" << label << "] = UNKNOWN";
        -:   37:				}
        -:   38:				else {
       22:   39:					s << "Integer symbol [" << label << "] = " << v.i << " (0x" << std::hex << v.i << ")";
        -:   40:				}
        -:   41:			}
        3:   42:			else if( v.is_string() ) {
        3:   43:				if( v.is_unknown() ){
    #####:   44:					s << "String symbol [" << label << "] = UNKNOWN";
        -:   45:				}
        -:   46:				else{
        3:   47:					s << "String symbol [" << label << "] = \"" << v.s << "\"";
        -:   48:				}
        -:   49:			}
        -:   50:			else {
    #####:   51:				s << "Symbol [" << label << "] = UNKNOWN";
        -:   52:			}
        -:   53:		}
       36:   54:		log.write_message( s.str() );
       18:   55:		log.write_separator();
        -:   56:	}
       54:   57:	if( this->is_data_fixed ) {
        -:   58:		if( check_all_fixed() && info.dict.count( label ) ){
        -:   59:			return true;
        -:   60:		}
        -:   61:	}
       60:   62:	if( words[0][0] == '\"' ) {
       15:   63:		put_error( CZMA_ERROR::get( CZMA_ERROR_CODE::INVALID_COMMAND ) );
        3:   64:		return false;
        -:   65:	}
       27:   66:	if( this->expression( info, 2, v ) ) {
       24:   67:		if( v.value_type == CVALUE_TYPE::CV_UNKNOWN ) {
    #####:   68:			put_error( CZMA_ERROR::get( CZMA_ERROR_CODE::ILLEGAL_EXPRESSION ) );
    #####:   69:			return false;
        -:   70:		}
       30:   71:		if( info.dict.count( label ) && !info.dict[ label ].is_unknown() ) {
       30:   72:			put_error( CZMA_ERROR::get( CZMA_ERROR_CODE::MULTIPLE_DEFINITION ) );
        6:   73:			return false;
        -:   74:		}
        -:   75:		else {
       36:   76:			if( !v.is_unknown() ){
       12:   77:				this->is_data_fixed = true;
        -:   78:			}
        -:   79:			if( !info.dict.count( label ) ){
       14:   80:				info.is_updated = true;
        -:   81:			}
       18:   82:			info.dict[label] = v;
        -:   83:		}
        -:   84:	}
        -:   85:	else {
       15:   86:		put_error( CZMA_ERROR::get( CZMA_ERROR_CODE::LABEL_IS_INDETERMINATE ) );
        3:   87:		return false;
        -:   88:	}
        -:   89:	return check_all_fixed();
      150:   90:}
