        -:    0:Source:../sub/zma_parse_process_adc.cpp
        -:    0:Programs:106
        -:    1:// --------------------------------------------------------------------
        -:    2://	Z80 Macro Assembler parse
        -:    3:// ====================================================================
        -:    4://	2019/05/04	t.hara
        -:    5:// --------------------------------------------------------------------
        -:    6:
        -:    7:#include "zma_text.hpp"
        -:    8:#include <string>
        -:    9:#include <cctype>
        -:   10:#include <iostream>
        -:   11:#include <fstream>
        -:   12:#include <sstream>
        -:   13:#include <algorithm>
        -:   14:
        -:   15:#include "zma_parse_process_adc.hpp"
        -:   16:
        -:   17:// --------------------------------------------------------------------
      117:   18:bool CZMA_PARSE_ADC::process( CZMA_INFORMATION& info, CZMA_PARSE* p_last_line ) {
        -:   19:
      117:   20:	update_flags( &info, p_last_line );
      117:   21:	if( this->opecode_a_source8( info, 0x88 ) ) {
        -:   22:		//	log
       66:   23:		if( !this->is_analyze_phase ) {
       44:   24:			log.write_line_infomation( this->line_no, this->code_address, this->file_address, get_line() );
       22:   25:			if( words[3].size() > 1 ) {
       16:   26:				log.write_cycle_information( 10, 2 );			//	ADC A, IXh
        -:   27:			}
        -:   28:			else {
       28:   29:				log.write_cycle_information( 5, 1 );			//	ADC A, r
        -:   30:			}
       22:   31:			log.write_dump( this->code_address, this->file_address, this->data );
       22:   32:			log.write_separator();
        -:   33:		}
        -:   34:		return check_all_fixed();
        -:   35:	}
       51:   36:	if( this->opecode_a_memory_hl( info, 0x8E ) ) {
        -:   37:		//	log
       18:   38:		if( !this->is_analyze_phase ) {
       12:   39:			log.write_line_infomation( this->line_no, this->code_address, this->file_address, get_line() );
       12:   40:			if( words[4] == "HL" ) {
        4:   41:				log.write_cycle_information( 8, 4 );			//	ADC A, [HL]
        -:   42:			}
        -:   43:			else {
        8:   44:				log.write_cycle_information( 21, 7 );			//	ADC A, [IX+o]
        -:   45:			}
        6:   46:			log.write_dump( this->code_address, this->file_address, this->data );
        6:   47:			log.write_separator();
        -:   48:		}
        -:   49:		return check_all_fixed();
        -:   50:	}
       33:   51:	if( this->opecode_a_n8( info, 0xCE ) ) {
        -:   52:		//	log
        6:   53:		if( !this->is_analyze_phase ) {
        4:   54:			log.write_line_infomation( this->line_no, this->code_address, this->file_address, get_line() );
        4:   55:			log.write_cycle_information( 8, 2 );			//	ADC A, n
        2:   56:			log.write_dump( this->code_address, this->file_address, this->data );
        2:   57:			log.write_separator();
        -:   58:		}
        -:   59:		return check_all_fixed();
        -:   60:	}
       27:   61:	if( this->opecode_hl_source16_witnout_ix( info, 0xED, 0x4A ) ) {
        -:   62:		//	log
       24:   63:		if( !this->is_analyze_phase ) {
       16:   64:			log.write_line_infomation( this->line_no, this->code_address, this->file_address, get_line() );
       16:   65:			log.write_cycle_information( 17, 2 );			//	ADC HL, rr
        8:   66:			log.write_dump( this->code_address, this->file_address, this->data );
        8:   67:			log.write_separator();
        -:   68:		}
        -:   69:		return check_all_fixed();
        -:   70:	}
       15:   71:	put_error( CZMA_ERROR::get( CZMA_ERROR_CODE::ILLEGAL_OPERAND ) );
        3:   72:	return false;
      172:   73:}
        -:   74:
