        -:    0:Source:../sub/zma_parse_process_call.cpp
        -:    0:Programs:106
        -:    1:// --------------------------------------------------------------------
        -:    2://	Z80 Macro Assembler parse
        -:    3:// ====================================================================
        -:    4://	2019/05/04	t.hara
        -:    5:// --------------------------------------------------------------------
        -:    6:
        -:    7:#include "zma_parse.hpp"
        -:    8:#include "zma_text.hpp"
        -:    9:#include "zma_parse_process.hpp"
        -:   10:#include <string>
        -:   11:#include <cctype>
        -:   12:#include <iostream>
        -:   13:#include <fstream>
        -:   14:#include <sstream>
        -:   15:#include <algorithm>
        -:   16:
        -:   17:#include "zma_parse_process_call.hpp"
        -:   18:
        -:   19:// --------------------------------------------------------------------
      102:   20:bool CZMA_PARSE_CALL::process( CZMA_INFORMATION& info, CZMA_PARSE* p_last_line ) {
        -:   21:
      102:   22:	update_flags( &info, p_last_line );
      102:   23:	if( opecode_condition_address( info, 0xCD, 0xC4 ) ) {
        -:   24:		//	log
       80:   25:		if( !this->is_analyze_phase ) {
       54:   26:			log.write_line_infomation( this->line_no, this->code_address, this->file_address, get_line() );
       27:   27:			if( data[0] == 0xCD ) {
       22:   28:				log.write_cycle_information( 18, 5 );			//	CALL nn
        -:   29:			}
        -:   30:			else {
       32:   31:				log.write_cycle_information( 18, 5, 11, 3 );	//	CALL cond,nn
        -:   32:			}
       27:   33:			log.write_dump( this->code_address, this->file_address, this->data );
       27:   34:			log.write_separator();
        -:   35:		}
        -:   36:		return check_all_fixed();
        -:   37:	}
      110:   38:	put_error( CZMA_ERROR::get( CZMA_ERROR_CODE::ILLEGAL_OPERAND ), info.all_error_enable, info.error_disable );
       22:   39:	info.error_disable = true;
       22:   40:	return false;
      162:   41:}
        -:   42:
