        -:    0:Source:../sub/zma_parse_process_repeat.hpp
        -:    0:Programs:106
        -:    1:// --------------------------------------------------------------------
        -:    2://	Z80 Macro Assembler parse
        -:    3:// ====================================================================
        -:    4://	2019/05/04	t.hara
        -:    5:// --------------------------------------------------------------------
        -:    6:
        -:    7:#pragma once
        -:    8:
        -:    9:#include "zma_parse_process.hpp"
        -:   10:
        -:   11:// --------------------------------------------------------------------
        -:   12:class CZMA_PARSE_REPEAT: public CZMA_PARSE {
        -:   13:public:
        -:   14:	std::vector< CZMA_TEXT * > m_text_list;		//	展開後のソースコード
        -:   15:	bool is_loaded = false;						//	m_text_list に展開済みか否か
        -:   16:
        -:   17:	std::string counter_symbol;
        -:   18:	int counter_end;
        -:   19:	bool is_counter_end_fixed;
        -:   20:	std::string scope_name;
        -:   21:	CZMA_TEXT m_text;							//	展開前のソースコード
        -:   22:	CZMA_LOG log_header;
        -:   23:
      112:   24:	using CZMA_PARSE::CZMA_PARSE;
        -:   25:	bool process( CZMA_INFORMATION& info, CZMA_PARSE* p_last_line = nullptr ) override;
        -:   26:	void block_structure( std::vector<CZMA_PARSE *> &m_text, std::vector<CZMA_PARSE *>::iterator &pp_current ) override;
        -:   27:	std::vector< std::vector< std::string > > get_words( void );
        -:   28:	bool write_output_and_log( CZMA_INFORMATION &info, std::ofstream *f ) override;
        -:   29:};
        -:   30:
       38:   31:CLASS_CZMA_PARSE( ENDR );
