        -:    0:Source:../sub/zma_parse_process_defd.cpp
        -:    0:Programs:103
        -:    1:// --------------------------------------------------------------------
        -:    2://	Z80 Macro Assembler parse
        -:    3:// ====================================================================
        -:    4://	2019/05/04	t.hara
        -:    5:// --------------------------------------------------------------------
        -:    6:
        -:    7:#include "zma_parse.hpp"
        -:    8:#include "zma_text.hpp"
        -:    9:#include "zma_parse_process.hpp"
        -:   10:#include <string>
        -:   11:#include <cctype>
        -:   12:#include <iostream>
        -:   13:#include <fstream>
        -:   14:#include <sstream>
        -:   15:#include <algorithm>
        -:   16:
        -:   17:// --------------------------------------------------------------------
       24:   18:bool CZMA_PARSE_DEFD::process( CZMA_INFORMATION& info, CZMA_PARSE* p_last_line ) {
        -:   19:	int i, count;
        -:   20:	CVALUE v;
        -:   21:
       24:   22:	update_flags( &info, p_last_line );
       24:   23:	if( !this->is_fixed_code_size() ) {
        -:   24:		count = 1;
      154:   25:		for( i = 1; i < ( int) words.size(); i++ ) {
       92:   26:			if( words[i] == "," ) {
       19:   27:				count++;
        -:   28:			}
        -:   29:		}
        8:   30:		this->set_code_size( &info, count * 4 );
        -:   31:	}
       24:   32:	if( !this->is_data_fixed ) {
        -:   33:		i = 1;
       77:   34:		for( count = 0; (count * 4) < this->get_code_size(); count++ ) {
       45:   35:			i = this->expression( info, i, v );
       45:   36:			if( i == 0 ) {
       60:   37:				put_error( std::string( "Cannot evaluate the expression(" ) + std::to_string( count + 1 ) + ")" );
        -:   38:				data.clear();
       10:   39:				return false;
        -:   40:			}
       35:   41:			if( v.value_type != CVALUE_TYPE::CV_INTEGER ) {
        6:   42:				put_error( "Illegal expression." );
        3:   43:				return false;
        -:   44:			}
       93:   45:			if( i < ( int) words.size() && words[i] != "," ) {
        9:   46:				put_error( std::string( "Illegal expression." ) );
        -:   47:				data.clear();
        3:   48:				return false;
        -:   49:			}
       29:   50:			i++;
       58:   51:			data.push_back( v.i & 255 );
       58:   52:			data.push_back( (v.i >> 8) & 255 );
       58:   53:			data.push_back( (v.i >> 16) & 255 );
       58:   54:			data.push_back( (v.i >> 24) & 255 );
        -:   55:		}
        3:   56:		this->is_data_fixed = true;
        -:   57:	}
        -:   58:	//	log
        8:   59:	if( !this->is_analyze_phase ) {
        6:   60:		log.write_line_infomation( this->line_no, this->code_address, this->file_address, get_line() );
        3:   61:		log.write_dump( this->code_address, this->file_address, this->data );
        3:   62:		log.write_separator();
        -:   63:	}
        -:   64:	return check_all_fixed();
      136:   65:}
        -:   66:
