        -:    0:Source:../sub/zma_parse_process_user_error.cpp
        -:    0:Programs:106
        -:    1:// --------------------------------------------------------------------
        -:    2://	Z80 Macro Assembler parse
        -:    3:// ====================================================================
        -:    4://	2019/05/04	t.hara
        -:    5:// --------------------------------------------------------------------
        -:    6:
        -:    7:#include "zma_parse.hpp"
        -:    8:#include "zma_text.hpp"
        -:    9:#include "zma_parse_process.hpp"
        -:   10:#include <string>
        -:   11:#include <cctype>
        -:   12:#include <iostream>
        -:   13:#include <fstream>
        -:   14:#include <sstream>
        -:   15:#include <algorithm>
        -:   16:
        -:   17:// --------------------------------------------------------------------
       37:   18:bool CZMA_PARSE_USER_ERROR::process( CZMA_INFORMATION& info, CZMA_PARSE* p_last_line ) {
        -:   19:	CVALUE v;
        -:   20:
       37:   21:	set_code_size( &info, 0 );
       37:   22:	update_flags( &info, p_last_line );
       74:   23:	if( words.size() == 1 ) {
       15:   24:		put_error( CZMA_ERROR::get( CZMA_ERROR_CODE::TOO_MANY_PARAMETERS ) );
        3:   25:		return false;
        -:   26:	}
       34:   27:	if( this->expression( info, 1, v, false ) == 0 ) {
       45:   28:		put_error( CZMA_ERROR::get( CZMA_ERROR_CODE::ILLEGAL_PARAMETER ) );
        -:   29:	}
       50:   30:	else if( v.is_unknown() ){
       15:   31:		put_error( CZMA_ERROR::get( CZMA_ERROR_CODE::ILLEGAL_PARAMETER ) );
        -:   32:	}
       22:   33:	else if( v.is_string() ){
       38:   34:		put_error( v.s );
        -:   35:	}
        -:   36:	else {
        -:   37:		//	v.is_integer()
        9:   38:		put_error( std::to_string( v.i ) );
        -:   39:	}
        -:   40:	return false;
      154:   41:}
